block in append_cflags: checking for whether -std=c99 is accepted as CFLAGS... -------------------- yes

LD_LIBRARY_PATH=.:/usr/lib/x86_64-linux-gnu "x86_64-linux-gnu-gcc -o conftest -I/usr/include/x86_64-linux-gnu/ruby-3.2.0 -I/usr/include/ruby-3.2.0/ruby/backward -I/usr/include/ruby-3.2.0 -I. -Wdate-time -D_FORTIFY_SOURCE=3   -g -O2 -fno-omit-frame-pointer -mno-omit-leaf-frame-pointer -ffile-prefix-map=BUILDDIR=. -fstack-protector-strong -fstack-clash-protection -Wformat -Werror=format-security -fcf-protection -fdebug-prefix-map=BUILDDIR=/usr/src/ruby3.2-3.2.3-1ubuntu0.24.04.1 -fPIC conftest.c  -L. -L/usr/lib/x86_64-linux-gnu -L. -Wl,-Bsymbolic-functions -Wl,-z,relro -Wl,-z,now -fstack-protector-strong -rdynamic -Wl,-export-dynamic -Wl,--no-as-needed     -lruby-3.2  -lm -lpthread  -lc"
checked program was:
/* begin */
1: #include "ruby.h"
2: 
3: int main(int argc, char **argv)
4: {
5:   return !!argv[argc];
6: }
/* end */

LD_LIBRARY_PATH=.:/usr/lib/x86_64-linux-gnu "x86_64-linux-gnu-gcc -I/usr/include/x86_64-linux-gnu/ruby-3.2.0 -I/usr/include/ruby-3.2.0/ruby/backward -I/usr/include/ruby-3.2.0 -I. -Wdate-time -D_FORTIFY_SOURCE=3   -g -O2 -fno-omit-frame-pointer -mno-omit-leaf-frame-pointer -ffile-prefix-map=BUILDDIR=. -fstack-protector-strong -fstack-clash-protection -Wformat -Werror=format-security -fcf-protection -fdebug-prefix-map=BUILDDIR=/usr/src/ruby3.2-3.2.3-1ubuntu0.24.04.1 -fPIC  -std=c99 -Werror -c conftest.c"
checked program was:
/* begin */
1: #include "ruby.h"
2: 
3: int main(int argc, char **argv)
4: {
5:   return !!argv[argc];
6: }
/* end */

--------------------

block in append_cflags: checking for whether -Wno-declaration-after-statement is accepted as CFLAGS... -------------------- yes

LD_LIBRARY_PATH=.:/usr/lib/x86_64-linux-gnu "x86_64-linux-gnu-gcc -I/usr/include/x86_64-linux-gnu/ruby-3.2.0 -I/usr/include/ruby-3.2.0/ruby/backward -I/usr/include/ruby-3.2.0 -I. -Wdate-time -D_FORTIFY_SOURCE=3   -g -O2 -fno-omit-frame-pointer -mno-omit-leaf-frame-pointer -ffile-prefix-map=BUILDDIR=. -fstack-protector-strong -fstack-clash-protection -Wformat -Werror=format-security -fcf-protection -fdebug-prefix-map=BUILDDIR=/usr/src/ruby3.2-3.2.3-1ubuntu0.24.04.1 -fPIC -std=c99  -Wno-declaration-after-statement -Werror -c conftest.c"
checked program was:
/* begin */
1: #include "ruby.h"
2: 
3: int main(int argc, char **argv)
4: {
5:   return !!argv[argc];
6: }
/* end */

--------------------

block in append_cflags: checking for whether -O2 is accepted as CFLAGS... -------------------- yes

LD_LIBRARY_PATH=.:/usr/lib/x86_64-linux-gnu "x86_64-linux-gnu-gcc -I/usr/include/x86_64-linux-gnu/ruby-3.2.0 -I/usr/include/ruby-3.2.0/ruby/backward -I/usr/include/ruby-3.2.0 -I. -Wdate-time -D_FORTIFY_SOURCE=3   -g -O2 -fno-omit-frame-pointer -mno-omit-leaf-frame-pointer -ffile-prefix-map=BUILDDIR=. -fstack-protector-strong -fstack-clash-protection -Wformat -Werror=format-security -fcf-protection -fdebug-prefix-map=BUILDDIR=/usr/src/ruby3.2-3.2.3-1ubuntu0.24.04.1 -fPIC -std=c99 -Wno-declaration-after-statement  -O2 -Werror -c conftest.c"
checked program was:
/* begin */
1: #include "ruby.h"
2: 
3: int main(int argc, char **argv)
4: {
5:   return !!argv[argc];
6: }
/* end */

--------------------

block in append_cflags: checking for whether -g is accepted as CFLAGS... -------------------- yes

LD_LIBRARY_PATH=.:/usr/lib/x86_64-linux-gnu "x86_64-linux-gnu-gcc -I/usr/include/x86_64-linux-gnu/ruby-3.2.0 -I/usr/include/ruby-3.2.0/ruby/backward -I/usr/include/ruby-3.2.0 -I. -Wdate-time -D_FORTIFY_SOURCE=3   -g -O2 -fno-omit-frame-pointer -mno-omit-leaf-frame-pointer -ffile-prefix-map=BUILDDIR=. -fstack-protector-strong -fstack-clash-protection -Wformat -Werror=format-security -fcf-protection -fdebug-prefix-map=BUILDDIR=/usr/src/ruby3.2-3.2.3-1ubuntu0.24.04.1 -fPIC -std=c99 -Wno-declaration-after-statement -O2  -g -Werror -c conftest.c"
checked program was:
/* begin */
1: #include "ruby.h"
2: 
3: int main(int argc, char **argv)
4: {
5:   return !!argv[argc];
6: }
/* end */

--------------------

block in append_cflags: checking for whether -Winline is accepted as CFLAGS... -------------------- yes

LD_LIBRARY_PATH=.:/usr/lib/x86_64-linux-gnu "x86_64-linux-gnu-gcc -I/usr/include/x86_64-linux-gnu/ruby-3.2.0 -I/usr/include/ruby-3.2.0/ruby/backward -I/usr/include/ruby-3.2.0 -I. -Wdate-time -D_FORTIFY_SOURCE=3   -g -O2 -fno-omit-frame-pointer -mno-omit-leaf-frame-pointer -ffile-prefix-map=BUILDDIR=. -fstack-protector-strong -fstack-clash-protection -Wformat -Werror=format-security -fcf-protection -fdebug-prefix-map=BUILDDIR=/usr/src/ruby3.2-3.2.3-1ubuntu0.24.04.1 -fPIC -std=c99 -Wno-declaration-after-statement -O2 -g  -Winline -Werror -c conftest.c"
checked program was:
/* begin */
1: #include "ruby.h"
2: 
3: int main(int argc, char **argv)
4: {
5:   return !!argv[argc];
6: }
/* end */

--------------------

block in append_cflags: checking for whether -Wmissing-noreturn is accepted as CFLAGS... -------------------- yes

LD_LIBRARY_PATH=.:/usr/lib/x86_64-linux-gnu "x86_64-linux-gnu-gcc -I/usr/include/x86_64-linux-gnu/ruby-3.2.0 -I/usr/include/ruby-3.2.0/ruby/backward -I/usr/include/ruby-3.2.0 -I. -Wdate-time -D_FORTIFY_SOURCE=3   -g -O2 -fno-omit-frame-pointer -mno-omit-leaf-frame-pointer -ffile-prefix-map=BUILDDIR=. -fstack-protector-strong -fstack-clash-protection -Wformat -Werror=format-security -fcf-protection -fdebug-prefix-map=BUILDDIR=/usr/src/ruby3.2-3.2.3-1ubuntu0.24.04.1 -fPIC -std=c99 -Wno-declaration-after-statement -O2 -g -Winline  -Wmissing-noreturn -Werror -c conftest.c"
checked program was:
/* begin */
1: #include "ruby.h"
2: 
3: int main(int argc, char **argv)
4: {
5:   return !!argv[argc];
6: }
/* end */

--------------------

block in append_cflags: checking for whether -Wconversion -Wno-sign-conversion is accepted as CFLAGS... -------------------- yes

LD_LIBRARY_PATH=.:/usr/lib/x86_64-linux-gnu "x86_64-linux-gnu-gcc -I/usr/include/x86_64-linux-gnu/ruby-3.2.0 -I/usr/include/ruby-3.2.0/ruby/backward -I/usr/include/ruby-3.2.0 -I. -Wdate-time -D_FORTIFY_SOURCE=3   -g -O2 -fno-omit-frame-pointer -mno-omit-leaf-frame-pointer -ffile-prefix-map=BUILDDIR=. -fstack-protector-strong -fstack-clash-protection -Wformat -Werror=format-security -fcf-protection -fdebug-prefix-map=BUILDDIR=/usr/src/ruby3.2-3.2.3-1ubuntu0.24.04.1 -fPIC -std=c99 -Wno-declaration-after-statement -O2 -g -Winline -Wmissing-noreturn  -Wconversion -Wno-sign-conversion -Werror -c conftest.c"
checked program was:
/* begin */
1: #include "ruby.h"
2: 
3: int main(int argc, char **argv)
4: {
5:   return !!argv[argc];
6: }
/* end */

--------------------

try_link_iconv: checking for iconv... -------------------- yes

LD_LIBRARY_PATH=.:/usr/lib/x86_64-linux-gnu "x86_64-linux-gnu-gcc -o conftest -I/usr/include/x86_64-linux-gnu/ruby-3.2.0 -I/usr/include/ruby-3.2.0/ruby/backward -I/usr/include/ruby-3.2.0 -I. -Wdate-time -D_FORTIFY_SOURCE=3   -g -O2 -fno-omit-frame-pointer -mno-omit-leaf-frame-pointer -ffile-prefix-map=BUILDDIR=. -fstack-protector-strong -fstack-clash-protection -Wformat -Werror=format-security -fcf-protection -fdebug-prefix-map=BUILDDIR=/usr/src/ruby3.2-3.2.3-1ubuntu0.24.04.1 -fPIC -std=c99 -Wno-declaration-after-statement -O2 -g -Winline -Wmissing-noreturn -Wconversion -Wno-sign-conversion conftest.c  -L. -L/usr/lib/x86_64-linux-gnu -L. -Wl,-Bsymbolic-functions -Wl,-z,relro -Wl,-z,now -fstack-protector-strong -rdynamic -Wl,-export-dynamic -Wl,--no-as-needed     -lruby-3.2  -lm -lpthread  -lc"
checked program was:
/* begin */
 1: #include "ruby.h"
 2: 
 3: #include <stdlib.h>
 4: #include <iconv.h>
 5: int main(void)
 6: {
 7:     iconv_t cd = iconv_open("", "");
 8:     iconv(cd, NULL, NULL, NULL, NULL);
 9:     return EXIT_SUCCESS;
10: }
/* end */

--------------------

block in append_cppflags: checking for whether -DNOKOGIRI_PACKAGED_LIBRARIES is accepted as CPPFLAGS... -------------------- yes

LD_LIBRARY_PATH=.:/usr/lib/x86_64-linux-gnu "x86_64-linux-gnu-gcc -I/usr/include/x86_64-linux-gnu/ruby-3.2.0 -I/usr/include/ruby-3.2.0/ruby/backward -I/usr/include/ruby-3.2.0 -I. -Wdate-time -D_FORTIFY_SOURCE=3   -g -O2 -fno-omit-frame-pointer -mno-omit-leaf-frame-pointer -ffile-prefix-map=BUILDDIR=. -fstack-protector-strong -fstack-clash-protection -Wformat -Werror=format-security -fcf-protection -fdebug-prefix-map=BUILDDIR=/usr/src/ruby3.2-3.2.3-1ubuntu0.24.04.1 -fPIC -std=c99 -Wno-declaration-after-statement -O2 -g -Winline -Wmissing-noreturn -Wconversion -Wno-sign-conversion  -DNOKOGIRI_PACKAGED_LIBRARIES -Werror -c conftest.c"
checked program was:
/* begin */
1: #include "ruby.h"
2: 
3: int main(int argc, char **argv)
4: {
5:   return !!argv[argc];
6: }
/* end */

--------------------

block in append_cppflags: checking for whether -DNOKOGIRI_LIBXML2_PATCHES="\"0001-Remove-script-macro-support.patch 0002-Update-entities-to-remove-handling-of-ssi.patch 0003-libxml2.la-is-in-top_builddir.patch 0009-allow-wildcard-namespaces.patch\"" is accepted as CPPFLAGS... -------------------- yes

LD_LIBRARY_PATH=.:/usr/lib/x86_64-linux-gnu "x86_64-linux-gnu-gcc -I/usr/include/x86_64-linux-gnu/ruby-3.2.0 -I/usr/include/ruby-3.2.0/ruby/backward -I/usr/include/ruby-3.2.0 -I. -I/home/hamorrar/Desktop/mydocs-ubu/code/my-website/_vendor/bundle/ruby/3.2.0/gems/nokogiri-1.14.1/ports/x86_64-linux-gnu/libxml2/2.10.3/include/libxml2 -Wdate-time -D_FORTIFY_SOURCE=3   -DNOKOGIRI_PACKAGED_LIBRARIES -g -O2 -fno-omit-frame-pointer -mno-omit-leaf-frame-pointer -ffile-prefix-map=BUILDDIR=. -fstack-protector-strong -fstack-clash-protection -Wformat -Werror=format-security -fcf-protection -fdebug-prefix-map=BUILDDIR=/usr/src/ruby3.2-3.2.3-1ubuntu0.24.04.1 -fPIC -std=c99 -Wno-declaration-after-statement -O2 -g -Winline -Wmissing-noreturn -Wconversion -Wno-sign-conversion  -DNOKOGIRI_LIBXML2_PATCHES="\"0001-Remove-script-macro-support.patch 0002-Update-entities-to-remove-handling-of-ssi.patch 0003-libxml2.la-is-in-top_builddir.patch 0009-allow-wildcard-namespaces.patch\"" -Werror -c conftest.c"
checked program was:
/* begin */
1: #include "ruby.h"
2: 
3: int main(int argc, char **argv)
4: {
5:   return !!argv[argc];
6: }
/* end */

--------------------

have_library: checking for -llzma... -------------------- yes

LD_LIBRARY_PATH=.:/usr/lib/x86_64-linux-gnu "x86_64-linux-gnu-gcc -o conftest -I/usr/include/x86_64-linux-gnu/ruby-3.2.0 -I/usr/include/ruby-3.2.0/ruby/backward -I/usr/include/ruby-3.2.0 -I. -I/home/hamorrar/Desktop/mydocs-ubu/code/my-website/_vendor/bundle/ruby/3.2.0/gems/nokogiri-1.14.1/ports/x86_64-linux-gnu/libxml2/2.10.3/include/libxml2 -Wdate-time -D_FORTIFY_SOURCE=3   -DNOKOGIRI_PACKAGED_LIBRARIES -DNOKOGIRI_LIBXML2_PATCHES="\"0001-Remove-script-macro-support.patch 0002-Update-entities-to-remove-handling-of-ssi.patch 0003-libxml2.la-is-in-top_builddir.patch 0009-allow-wildcard-namespaces.patch\"" -g -O2 -fno-omit-frame-pointer -mno-omit-leaf-frame-pointer -ffile-prefix-map=BUILDDIR=. -fstack-protector-strong -fstack-clash-protection -Wformat -Werror=format-security -fcf-protection -fdebug-prefix-map=BUILDDIR=/usr/src/ruby3.2-3.2.3-1ubuntu0.24.04.1 -fPIC -std=c99 -Wno-declaration-after-statement -O2 -g -Winline -Wmissing-noreturn -Wconversion -Wno-sign-conversion conftest.c  -L. -L/usr/lib/x86_64-linux-gnu -L/home/hamorrar/Desktop/mydocs-ubu/code/my-website/_vendor/bundle/ruby/3.2.0/gems/nokogiri-1.14.1/ports/x86_64-linux-gnu/libxml2/2.10.3/lib -L. -Wl,-Bsymbolic-functions -Wl,-z,relro -Wl,-z,now -fstack-protector-strong -rdynamic -Wl,-export-dynamic -Wl,--no-as-needed     -lruby-3.2 -llzma  -lm -lpthread  -lc"
checked program was:
/* begin */
 1: #include "ruby.h"
 2: 
 3: /*top*/
 4: extern int t(void);
 5: int main(int argc, char **argv)
 6: {
 7:   if (argc > 1000000) {
 8:     int (* volatile tp)(void)=(int (*)(void))&t;
 9:     printf("%d", (*tp)());
10:   }
11: 
12:   return !!argv[argc];
13: }
14: 
15: int t(void) { ; return 0; }
/* end */

--------------------

block in append_cppflags: checking for whether -DNOKOGIRI_LIBXSLT_PATCHES="\"0001-update-automake-files-for-arm64.patch\"" is accepted as CPPFLAGS... -------------------- yes

LD_LIBRARY_PATH=.:/usr/lib/x86_64-linux-gnu "x86_64-linux-gnu-gcc -I/usr/include/x86_64-linux-gnu/ruby-3.2.0 -I/usr/include/ruby-3.2.0/ruby/backward -I/usr/include/ruby-3.2.0 -I. -I/home/hamorrar/Desktop/mydocs-ubu/code/my-website/_vendor/bundle/ruby/3.2.0/gems/nokogiri-1.14.1/ports/x86_64-linux-gnu/libxml2/2.10.3/include/libxml2 -I/home/hamorrar/Desktop/mydocs-ubu/code/my-website/_vendor/bundle/ruby/3.2.0/gems/nokogiri-1.14.1/ports/x86_64-linux-gnu/libxslt/1.1.37/include -I/home/hamorrar/Desktop/mydocs-ubu/code/my-website/_vendor/bundle/ruby/3.2.0/gems/nokogiri-1.14.1/ports/x86_64-linux-gnu/libxml2/2.10.3/include/libxml2 -Wdate-time -D_FORTIFY_SOURCE=3   -DNOKOGIRI_PACKAGED_LIBRARIES -DNOKOGIRI_LIBXML2_PATCHES="\"0001-Remove-script-macro-support.patch 0002-Update-entities-to-remove-handling-of-ssi.patch 0003-libxml2.la-is-in-top_builddir.patch 0009-allow-wildcard-namespaces.patch\"" -g -O2 -fno-omit-frame-pointer -mno-omit-leaf-frame-pointer -ffile-prefix-map=BUILDDIR=. -fstack-protector-strong -fstack-clash-protection -Wformat -Werror=format-security -fcf-protection -fdebug-prefix-map=BUILDDIR=/usr/src/ruby3.2-3.2.3-1ubuntu0.24.04.1 -fPIC -std=c99 -Wno-declaration-after-statement -O2 -g -Winline -Wmissing-noreturn -Wconversion -Wno-sign-conversion  -DNOKOGIRI_LIBXSLT_PATCHES="\"0001-update-automake-files-for-arm64.patch\"" -Werror -c conftest.c"
checked program was:
/* begin */
1: #include "ruby.h"
2: 
3: int main(int argc, char **argv)
4: {
5:   return !!argv[argc];
6: }
/* end */

--------------------

have_func: checking for xmlParseDoc() in libxml/parser.h... -------------------- yes

LD_LIBRARY_PATH=.:/usr/lib/x86_64-linux-gnu "x86_64-linux-gnu-gcc -o conftest -I/usr/include/x86_64-linux-gnu/ruby-3.2.0 -I/usr/include/ruby-3.2.0/ruby/backward -I/usr/include/ruby-3.2.0 -I. -I/home/hamorrar/Desktop/mydocs-ubu/code/my-website/_vendor/bundle/ruby/3.2.0/gems/nokogiri-1.14.1/ports/x86_64-linux-gnu/libxml2/2.10.3/include/libxml2 -I/home/hamorrar/Desktop/mydocs-ubu/code/my-website/_vendor/bundle/ruby/3.2.0/gems/nokogiri-1.14.1/ports/x86_64-linux-gnu/libxslt/1.1.37/include -I/home/hamorrar/Desktop/mydocs-ubu/code/my-website/_vendor/bundle/ruby/3.2.0/gems/nokogiri-1.14.1/ports/x86_64-linux-gnu/libxml2/2.10.3/include/libxml2 -Wdate-time -D_FORTIFY_SOURCE=3   -DNOKOGIRI_PACKAGED_LIBRARIES -DNOKOGIRI_LIBXML2_PATCHES="\"0001-Remove-script-macro-support.patch 0002-Update-entities-to-remove-handling-of-ssi.patch 0003-libxml2.la-is-in-top_builddir.patch 0009-allow-wildcard-namespaces.patch\"" -DNOKOGIRI_LIBXSLT_PATCHES="\"0001-update-automake-files-for-arm64.patch\"" -g -O2 -fno-omit-frame-pointer -mno-omit-leaf-frame-pointer -ffile-prefix-map=BUILDDIR=. -fstack-protector-strong -fstack-clash-protection -Wformat -Werror=format-security -fcf-protection -fdebug-prefix-map=BUILDDIR=/usr/src/ruby3.2-3.2.3-1ubuntu0.24.04.1 -fPIC -std=c99 -Wno-declaration-after-statement -O2 -g -Winline -Wmissing-noreturn -Wconversion -Wno-sign-conversion conftest.c  -L. -L/usr/lib/x86_64-linux-gnu -L/home/hamorrar/Desktop/mydocs-ubu/code/my-website/_vendor/bundle/ruby/3.2.0/gems/nokogiri-1.14.1/ports/x86_64-linux-gnu/libxml2/2.10.3/lib -L/home/hamorrar/Desktop/mydocs-ubu/code/my-website/_vendor/bundle/ruby/3.2.0/gems/nokogiri-1.14.1/ports/x86_64-linux-gnu/libxslt/1.1.37/lib -L. -Wl,-Bsymbolic-functions -Wl,-z,relro -Wl,-z,now -fstack-protector-strong -rdynamic -Wl,-export-dynamic -Wl,--no-as-needed    /home/hamorrar/Desktop/mydocs-ubu/code/my-website/_vendor/bundle/ruby/3.2.0/gems/nokogiri-1.14.1/ports/x86_64-linux-gnu/libxslt/1.1.37/lib/libexslt.a -lm -llzma -lz /home/hamorrar/Desktop/mydocs-ubu/code/my-website/_vendor/bundle/ruby/3.2.0/gems/nokogiri-1.14.1/ports/x86_64-linux-gnu/libxml2/2.10.3/lib/libxml2.a /home/hamorrar/Desktop/mydocs-ubu/code/my-website/_vendor/bundle/ruby/3.2.0/gems/nokogiri-1.14.1/ports/x86_64-linux-gnu/libxslt/1.1.37/lib/libxslt.a -lm -llzma -lz /home/hamorrar/Desktop/mydocs-ubu/code/my-website/_vendor/bundle/ruby/3.2.0/gems/nokogiri-1.14.1/ports/x86_64-linux-gnu/libxml2/2.10.3/lib/libxml2.a -llzma -lruby-3.2 /home/hamorrar/Desktop/mydocs-ubu/code/my-website/_vendor/bundle/ruby/3.2.0/gems/nokogiri-1.14.1/ports/x86_64-linux-gnu/libxslt/1.1.37/lib/libexslt.a -lm -llzma -lz /home/hamorrar/Desktop/mydocs-ubu/code/my-website/_vendor/bundle/ruby/3.2.0/gems/nokogiri-1.14.1/ports/x86_64-linux-gnu/libxml2/2.10.3/lib/libxml2.a /home/hamorrar/Desktop/mydocs-ubu/code/my-website/_vendor/bundle/ruby/3.2.0/gems/nokogiri-1.14.1/ports/x86_64-linux-gnu/libxslt/1.1.37/lib/libxslt.a -lm -llzma -lz /home/hamorrar/Desktop/mydocs-ubu/code/my-website/_vendor/bundle/ruby/3.2.0/gems/nokogiri-1.14.1/ports/x86_64-linux-gnu/libxml2/2.10.3/lib/libxml2.a -llzma -lm -lpthread  -lc"
checked program was:
/* begin */
 1: #include "ruby.h"
 2: 
 3: #include <libxml/parser.h>
 4: 
 5: /*top*/
 6: extern int t(void);
 7: int main(int argc, char **argv)
 8: {
 9:   if (argc > 1000000) {
10:     int (* volatile tp)(void)=(int (*)(void))&t;
11:     printf("%d", (*tp)());
12:   }
13: 
14:   return !!argv[argc];
15: }
16: int t(void) { void ((*volatile p)()); p = (void ((*)()))xmlParseDoc; return !p; }
/* end */

--------------------

have_func: checking for xsltParseStylesheetDoc() in libxslt/xslt.h... -------------------- yes

LD_LIBRARY_PATH=.:/usr/lib/x86_64-linux-gnu "x86_64-linux-gnu-gcc -o conftest -I/usr/include/x86_64-linux-gnu/ruby-3.2.0 -I/usr/include/ruby-3.2.0/ruby/backward -I/usr/include/ruby-3.2.0 -I. -I/home/hamorrar/Desktop/mydocs-ubu/code/my-website/_vendor/bundle/ruby/3.2.0/gems/nokogiri-1.14.1/ports/x86_64-linux-gnu/libxml2/2.10.3/include/libxml2 -I/home/hamorrar/Desktop/mydocs-ubu/code/my-website/_vendor/bundle/ruby/3.2.0/gems/nokogiri-1.14.1/ports/x86_64-linux-gnu/libxslt/1.1.37/include -I/home/hamorrar/Desktop/mydocs-ubu/code/my-website/_vendor/bundle/ruby/3.2.0/gems/nokogiri-1.14.1/ports/x86_64-linux-gnu/libxml2/2.10.3/include/libxml2 -Wdate-time -D_FORTIFY_SOURCE=3   -DNOKOGIRI_PACKAGED_LIBRARIES -DNOKOGIRI_LIBXML2_PATCHES="\"0001-Remove-script-macro-support.patch 0002-Update-entities-to-remove-handling-of-ssi.patch 0003-libxml2.la-is-in-top_builddir.patch 0009-allow-wildcard-namespaces.patch\"" -DNOKOGIRI_LIBXSLT_PATCHES="\"0001-update-automake-files-for-arm64.patch\"" -g -O2 -fno-omit-frame-pointer -mno-omit-leaf-frame-pointer -ffile-prefix-map=BUILDDIR=. -fstack-protector-strong -fstack-clash-protection -Wformat -Werror=format-security -fcf-protection -fdebug-prefix-map=BUILDDIR=/usr/src/ruby3.2-3.2.3-1ubuntu0.24.04.1 -fPIC -std=c99 -Wno-declaration-after-statement -O2 -g -Winline -Wmissing-noreturn -Wconversion -Wno-sign-conversion conftest.c  -L. -L/usr/lib/x86_64-linux-gnu -L/home/hamorrar/Desktop/mydocs-ubu/code/my-website/_vendor/bundle/ruby/3.2.0/gems/nokogiri-1.14.1/ports/x86_64-linux-gnu/libxml2/2.10.3/lib -L/home/hamorrar/Desktop/mydocs-ubu/code/my-website/_vendor/bundle/ruby/3.2.0/gems/nokogiri-1.14.1/ports/x86_64-linux-gnu/libxslt/1.1.37/lib -L. -Wl,-Bsymbolic-functions -Wl,-z,relro -Wl,-z,now -fstack-protector-strong -rdynamic -Wl,-export-dynamic -Wl,--no-as-needed    /home/hamorrar/Desktop/mydocs-ubu/code/my-website/_vendor/bundle/ruby/3.2.0/gems/nokogiri-1.14.1/ports/x86_64-linux-gnu/libxslt/1.1.37/lib/libexslt.a -lm -llzma -lz /home/hamorrar/Desktop/mydocs-ubu/code/my-website/_vendor/bundle/ruby/3.2.0/gems/nokogiri-1.14.1/ports/x86_64-linux-gnu/libxml2/2.10.3/lib/libxml2.a /home/hamorrar/Desktop/mydocs-ubu/code/my-website/_vendor/bundle/ruby/3.2.0/gems/nokogiri-1.14.1/ports/x86_64-linux-gnu/libxslt/1.1.37/lib/libxslt.a -lm -llzma -lz /home/hamorrar/Desktop/mydocs-ubu/code/my-website/_vendor/bundle/ruby/3.2.0/gems/nokogiri-1.14.1/ports/x86_64-linux-gnu/libxml2/2.10.3/lib/libxml2.a -llzma -lruby-3.2 /home/hamorrar/Desktop/mydocs-ubu/code/my-website/_vendor/bundle/ruby/3.2.0/gems/nokogiri-1.14.1/ports/x86_64-linux-gnu/libxslt/1.1.37/lib/libexslt.a -lm -llzma -lz /home/hamorrar/Desktop/mydocs-ubu/code/my-website/_vendor/bundle/ruby/3.2.0/gems/nokogiri-1.14.1/ports/x86_64-linux-gnu/libxml2/2.10.3/lib/libxml2.a /home/hamorrar/Desktop/mydocs-ubu/code/my-website/_vendor/bundle/ruby/3.2.0/gems/nokogiri-1.14.1/ports/x86_64-linux-gnu/libxslt/1.1.37/lib/libxslt.a -lm -llzma -lz /home/hamorrar/Desktop/mydocs-ubu/code/my-website/_vendor/bundle/ruby/3.2.0/gems/nokogiri-1.14.1/ports/x86_64-linux-gnu/libxml2/2.10.3/lib/libxml2.a -llzma -lm -lpthread  -lc"
conftest.c: In function ‘t’:
conftest.c:16:57: error: ‘xsltParseStylesheetDoc’ undeclared (first use in this function)
   16 | int t(void) { void ((*volatile p)()); p = (void ((*)()))xsltParseStylesheetDoc; return !p; }
      |                                                         ^~~~~~~~~~~~~~~~~~~~~~
conftest.c:16:57: note: each undeclared identifier is reported only once for each function it appears in
checked program was:
/* begin */
 1: #include "ruby.h"
 2: 
 3: #include <libxslt/xslt.h>
 4: 
 5: /*top*/
 6: extern int t(void);
 7: int main(int argc, char **argv)
 8: {
 9:   if (argc > 1000000) {
10:     int (* volatile tp)(void)=(int (*)(void))&t;
11:     printf("%d", (*tp)());
12:   }
13: 
14:   return !!argv[argc];
15: }
16: int t(void) { void ((*volatile p)()); p = (void ((*)()))xsltParseStylesheetDoc; return !p; }
/* end */

LD_LIBRARY_PATH=.:/usr/lib/x86_64-linux-gnu "x86_64-linux-gnu-gcc -o conftest -I/usr/include/x86_64-linux-gnu/ruby-3.2.0 -I/usr/include/ruby-3.2.0/ruby/backward -I/usr/include/ruby-3.2.0 -I. -I/home/hamorrar/Desktop/mydocs-ubu/code/my-website/_vendor/bundle/ruby/3.2.0/gems/nokogiri-1.14.1/ports/x86_64-linux-gnu/libxml2/2.10.3/include/libxml2 -I/home/hamorrar/Desktop/mydocs-ubu/code/my-website/_vendor/bundle/ruby/3.2.0/gems/nokogiri-1.14.1/ports/x86_64-linux-gnu/libxslt/1.1.37/include -I/home/hamorrar/Desktop/mydocs-ubu/code/my-website/_vendor/bundle/ruby/3.2.0/gems/nokogiri-1.14.1/ports/x86_64-linux-gnu/libxml2/2.10.3/include/libxml2 -Wdate-time -D_FORTIFY_SOURCE=3   -DNOKOGIRI_PACKAGED_LIBRARIES -DNOKOGIRI_LIBXML2_PATCHES="\"0001-Remove-script-macro-support.patch 0002-Update-entities-to-remove-handling-of-ssi.patch 0003-libxml2.la-is-in-top_builddir.patch 0009-allow-wildcard-namespaces.patch\"" -DNOKOGIRI_LIBXSLT_PATCHES="\"0001-update-automake-files-for-arm64.patch\"" -g -O2 -fno-omit-frame-pointer -mno-omit-leaf-frame-pointer -ffile-prefix-map=BUILDDIR=. -fstack-protector-strong -fstack-clash-protection -Wformat -Werror=format-security -fcf-protection -fdebug-prefix-map=BUILDDIR=/usr/src/ruby3.2-3.2.3-1ubuntu0.24.04.1 -fPIC -std=c99 -Wno-declaration-after-statement -O2 -g -Winline -Wmissing-noreturn -Wconversion -Wno-sign-conversion conftest.c  -L. -L/usr/lib/x86_64-linux-gnu -L/home/hamorrar/Desktop/mydocs-ubu/code/my-website/_vendor/bundle/ruby/3.2.0/gems/nokogiri-1.14.1/ports/x86_64-linux-gnu/libxml2/2.10.3/lib -L/home/hamorrar/Desktop/mydocs-ubu/code/my-website/_vendor/bundle/ruby/3.2.0/gems/nokogiri-1.14.1/ports/x86_64-linux-gnu/libxslt/1.1.37/lib -L. -Wl,-Bsymbolic-functions -Wl,-z,relro -Wl,-z,now -fstack-protector-strong -rdynamic -Wl,-export-dynamic -Wl,--no-as-needed    /home/hamorrar/Desktop/mydocs-ubu/code/my-website/_vendor/bundle/ruby/3.2.0/gems/nokogiri-1.14.1/ports/x86_64-linux-gnu/libxslt/1.1.37/lib/libexslt.a -lm -llzma -lz /home/hamorrar/Desktop/mydocs-ubu/code/my-website/_vendor/bundle/ruby/3.2.0/gems/nokogiri-1.14.1/ports/x86_64-linux-gnu/libxml2/2.10.3/lib/libxml2.a /home/hamorrar/Desktop/mydocs-ubu/code/my-website/_vendor/bundle/ruby/3.2.0/gems/nokogiri-1.14.1/ports/x86_64-linux-gnu/libxslt/1.1.37/lib/libxslt.a -lm -llzma -lz /home/hamorrar/Desktop/mydocs-ubu/code/my-website/_vendor/bundle/ruby/3.2.0/gems/nokogiri-1.14.1/ports/x86_64-linux-gnu/libxml2/2.10.3/lib/libxml2.a -llzma -lruby-3.2 /home/hamorrar/Desktop/mydocs-ubu/code/my-website/_vendor/bundle/ruby/3.2.0/gems/nokogiri-1.14.1/ports/x86_64-linux-gnu/libxslt/1.1.37/lib/libexslt.a -lm -llzma -lz /home/hamorrar/Desktop/mydocs-ubu/code/my-website/_vendor/bundle/ruby/3.2.0/gems/nokogiri-1.14.1/ports/x86_64-linux-gnu/libxml2/2.10.3/lib/libxml2.a /home/hamorrar/Desktop/mydocs-ubu/code/my-website/_vendor/bundle/ruby/3.2.0/gems/nokogiri-1.14.1/ports/x86_64-linux-gnu/libxslt/1.1.37/lib/libxslt.a -lm -llzma -lz /home/hamorrar/Desktop/mydocs-ubu/code/my-website/_vendor/bundle/ruby/3.2.0/gems/nokogiri-1.14.1/ports/x86_64-linux-gnu/libxml2/2.10.3/lib/libxml2.a -llzma -lm -lpthread  -lc"
checked program was:
/* begin */
 1: #include "ruby.h"
 2: 
 3: #include <libxslt/xslt.h>
 4: 
 5: /*top*/
 6: extern int t(void);
 7: int main(int argc, char **argv)
 8: {
 9:   if (argc > 1000000) {
10:     int (* volatile tp)(void)=(int (*)(void))&t;
11:     printf("%d", (*tp)());
12:   }
13: 
14:   return !!argv[argc];
15: }
16: extern void xsltParseStylesheetDoc();
17: int t(void) { xsltParseStylesheetDoc(); return 0; }
/* end */

--------------------

have_func: checking for exsltFuncRegister() in libexslt/exslt.h... -------------------- yes

LD_LIBRARY_PATH=.:/usr/lib/x86_64-linux-gnu "x86_64-linux-gnu-gcc -o conftest -I/usr/include/x86_64-linux-gnu/ruby-3.2.0 -I/usr/include/ruby-3.2.0/ruby/backward -I/usr/include/ruby-3.2.0 -I. -I/home/hamorrar/Desktop/mydocs-ubu/code/my-website/_vendor/bundle/ruby/3.2.0/gems/nokogiri-1.14.1/ports/x86_64-linux-gnu/libxml2/2.10.3/include/libxml2 -I/home/hamorrar/Desktop/mydocs-ubu/code/my-website/_vendor/bundle/ruby/3.2.0/gems/nokogiri-1.14.1/ports/x86_64-linux-gnu/libxslt/1.1.37/include -I/home/hamorrar/Desktop/mydocs-ubu/code/my-website/_vendor/bundle/ruby/3.2.0/gems/nokogiri-1.14.1/ports/x86_64-linux-gnu/libxml2/2.10.3/include/libxml2 -Wdate-time -D_FORTIFY_SOURCE=3   -DNOKOGIRI_PACKAGED_LIBRARIES -DNOKOGIRI_LIBXML2_PATCHES="\"0001-Remove-script-macro-support.patch 0002-Update-entities-to-remove-handling-of-ssi.patch 0003-libxml2.la-is-in-top_builddir.patch 0009-allow-wildcard-namespaces.patch\"" -DNOKOGIRI_LIBXSLT_PATCHES="\"0001-update-automake-files-for-arm64.patch\"" -g -O2 -fno-omit-frame-pointer -mno-omit-leaf-frame-pointer -ffile-prefix-map=BUILDDIR=. -fstack-protector-strong -fstack-clash-protection -Wformat -Werror=format-security -fcf-protection -fdebug-prefix-map=BUILDDIR=/usr/src/ruby3.2-3.2.3-1ubuntu0.24.04.1 -fPIC -std=c99 -Wno-declaration-after-statement -O2 -g -Winline -Wmissing-noreturn -Wconversion -Wno-sign-conversion conftest.c  -L. -L/usr/lib/x86_64-linux-gnu -L/home/hamorrar/Desktop/mydocs-ubu/code/my-website/_vendor/bundle/ruby/3.2.0/gems/nokogiri-1.14.1/ports/x86_64-linux-gnu/libxml2/2.10.3/lib -L/home/hamorrar/Desktop/mydocs-ubu/code/my-website/_vendor/bundle/ruby/3.2.0/gems/nokogiri-1.14.1/ports/x86_64-linux-gnu/libxslt/1.1.37/lib -L. -Wl,-Bsymbolic-functions -Wl,-z,relro -Wl,-z,now -fstack-protector-strong -rdynamic -Wl,-export-dynamic -Wl,--no-as-needed    /home/hamorrar/Desktop/mydocs-ubu/code/my-website/_vendor/bundle/ruby/3.2.0/gems/nokogiri-1.14.1/ports/x86_64-linux-gnu/libxslt/1.1.37/lib/libexslt.a -lm -llzma -lz /home/hamorrar/Desktop/mydocs-ubu/code/my-website/_vendor/bundle/ruby/3.2.0/gems/nokogiri-1.14.1/ports/x86_64-linux-gnu/libxml2/2.10.3/lib/libxml2.a /home/hamorrar/Desktop/mydocs-ubu/code/my-website/_vendor/bundle/ruby/3.2.0/gems/nokogiri-1.14.1/ports/x86_64-linux-gnu/libxslt/1.1.37/lib/libxslt.a -lm -llzma -lz /home/hamorrar/Desktop/mydocs-ubu/code/my-website/_vendor/bundle/ruby/3.2.0/gems/nokogiri-1.14.1/ports/x86_64-linux-gnu/libxml2/2.10.3/lib/libxml2.a -llzma -lruby-3.2 /home/hamorrar/Desktop/mydocs-ubu/code/my-website/_vendor/bundle/ruby/3.2.0/gems/nokogiri-1.14.1/ports/x86_64-linux-gnu/libxslt/1.1.37/lib/libexslt.a -lm -llzma -lz /home/hamorrar/Desktop/mydocs-ubu/code/my-website/_vendor/bundle/ruby/3.2.0/gems/nokogiri-1.14.1/ports/x86_64-linux-gnu/libxml2/2.10.3/lib/libxml2.a /home/hamorrar/Desktop/mydocs-ubu/code/my-website/_vendor/bundle/ruby/3.2.0/gems/nokogiri-1.14.1/ports/x86_64-linux-gnu/libxslt/1.1.37/lib/libxslt.a -lm -llzma -lz /home/hamorrar/Desktop/mydocs-ubu/code/my-website/_vendor/bundle/ruby/3.2.0/gems/nokogiri-1.14.1/ports/x86_64-linux-gnu/libxml2/2.10.3/lib/libxml2.a -llzma -lm -lpthread  -lc"
checked program was:
/* begin */
 1: #include "ruby.h"
 2: 
 3: #include <libexslt/exslt.h>
 4: 
 5: /*top*/
 6: extern int t(void);
 7: int main(int argc, char **argv)
 8: {
 9:   if (argc > 1000000) {
10:     int (* volatile tp)(void)=(int (*)(void))&t;
11:     printf("%d", (*tp)());
12:   }
13: 
14:   return !!argv[argc];
15: }
16: int t(void) { void ((*volatile p)()); p = (void ((*)()))exsltFuncRegister; return !p; }
/* end */

--------------------

block in append_cppflags: checking for whether -I/home/hamorrar/Desktop/mydocs-ubu/code/my-website/_vendor/bundle/ruby/3.2.0/gems/nokogiri-1.14.1/ext/nokogiri/ports/x86_64-linux-gnu/libgumbo/1.0.0-nokogiri/include is accepted as CPPFLAGS... -------------------- yes

LD_LIBRARY_PATH=.:/usr/lib/x86_64-linux-gnu "x86_64-linux-gnu-gcc -I/usr/include/x86_64-linux-gnu/ruby-3.2.0 -I/usr/include/ruby-3.2.0/ruby/backward -I/usr/include/ruby-3.2.0 -I. -I/home/hamorrar/Desktop/mydocs-ubu/code/my-website/_vendor/bundle/ruby/3.2.0/gems/nokogiri-1.14.1/ports/x86_64-linux-gnu/libxml2/2.10.3/include/libxml2 -I/home/hamorrar/Desktop/mydocs-ubu/code/my-website/_vendor/bundle/ruby/3.2.0/gems/nokogiri-1.14.1/ports/x86_64-linux-gnu/libxslt/1.1.37/include -I/home/hamorrar/Desktop/mydocs-ubu/code/my-website/_vendor/bundle/ruby/3.2.0/gems/nokogiri-1.14.1/ports/x86_64-linux-gnu/libxml2/2.10.3/include/libxml2 -Wdate-time -D_FORTIFY_SOURCE=3   -DNOKOGIRI_PACKAGED_LIBRARIES -DNOKOGIRI_LIBXML2_PATCHES="\"0001-Remove-script-macro-support.patch 0002-Update-entities-to-remove-handling-of-ssi.patch 0003-libxml2.la-is-in-top_builddir.patch 0009-allow-wildcard-namespaces.patch\"" -DNOKOGIRI_LIBXSLT_PATCHES="\"0001-update-automake-files-for-arm64.patch\"" -g -O2 -fno-omit-frame-pointer -mno-omit-leaf-frame-pointer -ffile-prefix-map=BUILDDIR=. -fstack-protector-strong -fstack-clash-protection -Wformat -Werror=format-security -fcf-protection -fdebug-prefix-map=BUILDDIR=/usr/src/ruby3.2-3.2.3-1ubuntu0.24.04.1 -fPIC -std=c99 -Wno-declaration-after-statement -O2 -g -Winline -Wmissing-noreturn -Wconversion -Wno-sign-conversion  -I/home/hamorrar/Desktop/mydocs-ubu/code/my-website/_vendor/bundle/ruby/3.2.0/gems/nokogiri-1.14.1/ext/nokogiri/ports/x86_64-linux-gnu/libgumbo/1.0.0-nokogiri/include -Werror -c conftest.c"
checked program was:
/* begin */
1: #include "ruby.h"
2: 
3: int main(int argc, char **argv)
4: {
5:   return !!argv[argc];
6: }
/* end */

--------------------

have_func: checking for gumbo_parse_with_options() in nokogiri_gumbo.h... -------------------- yes

LD_LIBRARY_PATH=.:/usr/lib/x86_64-linux-gnu "x86_64-linux-gnu-gcc -o conftest -I/usr/include/x86_64-linux-gnu/ruby-3.2.0 -I/usr/include/ruby-3.2.0/ruby/backward -I/usr/include/ruby-3.2.0 -I. -I/home/hamorrar/Desktop/mydocs-ubu/code/my-website/_vendor/bundle/ruby/3.2.0/gems/nokogiri-1.14.1/ports/x86_64-linux-gnu/libxml2/2.10.3/include/libxml2 -I/home/hamorrar/Desktop/mydocs-ubu/code/my-website/_vendor/bundle/ruby/3.2.0/gems/nokogiri-1.14.1/ports/x86_64-linux-gnu/libxslt/1.1.37/include -I/home/hamorrar/Desktop/mydocs-ubu/code/my-website/_vendor/bundle/ruby/3.2.0/gems/nokogiri-1.14.1/ports/x86_64-linux-gnu/libxml2/2.10.3/include/libxml2 -Wdate-time -D_FORTIFY_SOURCE=3   -DNOKOGIRI_PACKAGED_LIBRARIES -DNOKOGIRI_LIBXML2_PATCHES="\"0001-Remove-script-macro-support.patch 0002-Update-entities-to-remove-handling-of-ssi.patch 0003-libxml2.la-is-in-top_builddir.patch 0009-allow-wildcard-namespaces.patch\"" -DNOKOGIRI_LIBXSLT_PATCHES="\"0001-update-automake-files-for-arm64.patch\"" -I/home/hamorrar/Desktop/mydocs-ubu/code/my-website/_vendor/bundle/ruby/3.2.0/gems/nokogiri-1.14.1/ext/nokogiri/ports/x86_64-linux-gnu/libgumbo/1.0.0-nokogiri/include -g -O2 -fno-omit-frame-pointer -mno-omit-leaf-frame-pointer -ffile-prefix-map=BUILDDIR=. -fstack-protector-strong -fstack-clash-protection -Wformat -Werror=format-security -fcf-protection -fdebug-prefix-map=BUILDDIR=/usr/src/ruby3.2-3.2.3-1ubuntu0.24.04.1 -fPIC -std=c99 -Wno-declaration-after-statement -O2 -g -Winline -Wmissing-noreturn -Wconversion -Wno-sign-conversion conftest.c  -L. -L/usr/lib/x86_64-linux-gnu -L/home/hamorrar/Desktop/mydocs-ubu/code/my-website/_vendor/bundle/ruby/3.2.0/gems/nokogiri-1.14.1/ports/x86_64-linux-gnu/libxml2/2.10.3/lib -L/home/hamorrar/Desktop/mydocs-ubu/code/my-website/_vendor/bundle/ruby/3.2.0/gems/nokogiri-1.14.1/ports/x86_64-linux-gnu/libxslt/1.1.37/lib -L/home/hamorrar/Desktop/mydocs-ubu/code/my-website/_vendor/bundle/ruby/3.2.0/gems/nokogiri-1.14.1/ext/nokogiri/ports/x86_64-linux-gnu/libgumbo/1.0.0-nokogiri/lib -L. -Wl,-Bsymbolic-functions -Wl,-z,relro -Wl,-z,now -fstack-protector-strong -rdynamic -Wl,-export-dynamic -Wl,--no-as-needed    /home/hamorrar/Desktop/mydocs-ubu/code/my-website/_vendor/bundle/ruby/3.2.0/gems/nokogiri-1.14.1/ports/x86_64-linux-gnu/libxslt/1.1.37/lib/libexslt.a -lm -llzma -lz /home/hamorrar/Desktop/mydocs-ubu/code/my-website/_vendor/bundle/ruby/3.2.0/gems/nokogiri-1.14.1/ports/x86_64-linux-gnu/libxml2/2.10.3/lib/libxml2.a /home/hamorrar/Desktop/mydocs-ubu/code/my-website/_vendor/bundle/ruby/3.2.0/gems/nokogiri-1.14.1/ports/x86_64-linux-gnu/libxslt/1.1.37/lib/libxslt.a -lm -llzma -lz /home/hamorrar/Desktop/mydocs-ubu/code/my-website/_vendor/bundle/ruby/3.2.0/gems/nokogiri-1.14.1/ports/x86_64-linux-gnu/libxml2/2.10.3/lib/libxml2.a -llzma /home/hamorrar/Desktop/mydocs-ubu/code/my-website/_vendor/bundle/ruby/3.2.0/gems/nokogiri-1.14.1/ext/nokogiri/ports/x86_64-linux-gnu/libgumbo/1.0.0-nokogiri/lib/libgumbo.a -lruby-3.2 /home/hamorrar/Desktop/mydocs-ubu/code/my-website/_vendor/bundle/ruby/3.2.0/gems/nokogiri-1.14.1/ports/x86_64-linux-gnu/libxslt/1.1.37/lib/libexslt.a -lm -llzma -lz /home/hamorrar/Desktop/mydocs-ubu/code/my-website/_vendor/bundle/ruby/3.2.0/gems/nokogiri-1.14.1/ports/x86_64-linux-gnu/libxml2/2.10.3/lib/libxml2.a /home/hamorrar/Desktop/mydocs-ubu/code/my-website/_vendor/bundle/ruby/3.2.0/gems/nokogiri-1.14.1/ports/x86_64-linux-gnu/libxslt/1.1.37/lib/libxslt.a -lm -llzma -lz /home/hamorrar/Desktop/mydocs-ubu/code/my-website/_vendor/bundle/ruby/3.2.0/gems/nokogiri-1.14.1/ports/x86_64-linux-gnu/libxml2/2.10.3/lib/libxml2.a -llzma /home/hamorrar/Desktop/mydocs-ubu/code/my-website/_vendor/bundle/ruby/3.2.0/gems/nokogiri-1.14.1/ext/nokogiri/ports/x86_64-linux-gnu/libgumbo/1.0.0-nokogiri/lib/libgumbo.a -lm -lpthread  -lc"
checked program was:
/* begin */
 1: #include "ruby.h"
 2: 
 3: #include <nokogiri_gumbo.h>
 4: 
 5: /*top*/
 6: extern int t(void);
 7: int main(int argc, char **argv)
 8: {
 9:   if (argc > 1000000) {
10:     int (* volatile tp)(void)=(int (*)(void))&t;
11:     printf("%d", (*tp)());
12:   }
13: 
14:   return !!argv[argc];
15: }
16: int t(void) { void ((*volatile p)()); p = (void ((*)()))gumbo_parse_with_options; return !p; }
/* end */

--------------------

have_func: checking for xmlHasFeature()... -------------------- yes

LD_LIBRARY_PATH=.:/usr/lib/x86_64-linux-gnu "x86_64-linux-gnu-gcc -o conftest -I/usr/include/x86_64-linux-gnu/ruby-3.2.0 -I/usr/include/ruby-3.2.0/ruby/backward -I/usr/include/ruby-3.2.0 -I. -I/home/hamorrar/Desktop/mydocs-ubu/code/my-website/_vendor/bundle/ruby/3.2.0/gems/nokogiri-1.14.1/ports/x86_64-linux-gnu/libxml2/2.10.3/include/libxml2 -I/home/hamorrar/Desktop/mydocs-ubu/code/my-website/_vendor/bundle/ruby/3.2.0/gems/nokogiri-1.14.1/ports/x86_64-linux-gnu/libxslt/1.1.37/include -I/home/hamorrar/Desktop/mydocs-ubu/code/my-website/_vendor/bundle/ruby/3.2.0/gems/nokogiri-1.14.1/ports/x86_64-linux-gnu/libxml2/2.10.3/include/libxml2 -Wdate-time -D_FORTIFY_SOURCE=3   -DNOKOGIRI_PACKAGED_LIBRARIES -DNOKOGIRI_LIBXML2_PATCHES="\"0001-Remove-script-macro-support.patch 0002-Update-entities-to-remove-handling-of-ssi.patch 0003-libxml2.la-is-in-top_builddir.patch 0009-allow-wildcard-namespaces.patch\"" -DNOKOGIRI_LIBXSLT_PATCHES="\"0001-update-automake-files-for-arm64.patch\"" -I/home/hamorrar/Desktop/mydocs-ubu/code/my-website/_vendor/bundle/ruby/3.2.0/gems/nokogiri-1.14.1/ext/nokogiri/ports/x86_64-linux-gnu/libgumbo/1.0.0-nokogiri/include -g -O2 -fno-omit-frame-pointer -mno-omit-leaf-frame-pointer -ffile-prefix-map=BUILDDIR=. -fstack-protector-strong -fstack-clash-protection -Wformat -Werror=format-security -fcf-protection -fdebug-prefix-map=BUILDDIR=/usr/src/ruby3.2-3.2.3-1ubuntu0.24.04.1 -fPIC -std=c99 -Wno-declaration-after-statement -O2 -g -Winline -Wmissing-noreturn -Wconversion -Wno-sign-conversion conftest.c  -L. -L/usr/lib/x86_64-linux-gnu -L/home/hamorrar/Desktop/mydocs-ubu/code/my-website/_vendor/bundle/ruby/3.2.0/gems/nokogiri-1.14.1/ports/x86_64-linux-gnu/libxml2/2.10.3/lib -L/home/hamorrar/Desktop/mydocs-ubu/code/my-website/_vendor/bundle/ruby/3.2.0/gems/nokogiri-1.14.1/ports/x86_64-linux-gnu/libxslt/1.1.37/lib -L/home/hamorrar/Desktop/mydocs-ubu/code/my-website/_vendor/bundle/ruby/3.2.0/gems/nokogiri-1.14.1/ext/nokogiri/ports/x86_64-linux-gnu/libgumbo/1.0.0-nokogiri/lib -L. -Wl,-Bsymbolic-functions -Wl,-z,relro -Wl,-z,now -fstack-protector-strong -rdynamic -Wl,-export-dynamic -Wl,--no-as-needed    /home/hamorrar/Desktop/mydocs-ubu/code/my-website/_vendor/bundle/ruby/3.2.0/gems/nokogiri-1.14.1/ports/x86_64-linux-gnu/libxslt/1.1.37/lib/libexslt.a -lm -llzma -lz /home/hamorrar/Desktop/mydocs-ubu/code/my-website/_vendor/bundle/ruby/3.2.0/gems/nokogiri-1.14.1/ports/x86_64-linux-gnu/libxml2/2.10.3/lib/libxml2.a /home/hamorrar/Desktop/mydocs-ubu/code/my-website/_vendor/bundle/ruby/3.2.0/gems/nokogiri-1.14.1/ports/x86_64-linux-gnu/libxslt/1.1.37/lib/libxslt.a -lm -llzma -lz /home/hamorrar/Desktop/mydocs-ubu/code/my-website/_vendor/bundle/ruby/3.2.0/gems/nokogiri-1.14.1/ports/x86_64-linux-gnu/libxml2/2.10.3/lib/libxml2.a -llzma /home/hamorrar/Desktop/mydocs-ubu/code/my-website/_vendor/bundle/ruby/3.2.0/gems/nokogiri-1.14.1/ext/nokogiri/ports/x86_64-linux-gnu/libgumbo/1.0.0-nokogiri/lib/libgumbo.a -lruby-3.2 /home/hamorrar/Desktop/mydocs-ubu/code/my-website/_vendor/bundle/ruby/3.2.0/gems/nokogiri-1.14.1/ports/x86_64-linux-gnu/libxslt/1.1.37/lib/libexslt.a -lm -llzma -lz /home/hamorrar/Desktop/mydocs-ubu/code/my-website/_vendor/bundle/ruby/3.2.0/gems/nokogiri-1.14.1/ports/x86_64-linux-gnu/libxml2/2.10.3/lib/libxml2.a /home/hamorrar/Desktop/mydocs-ubu/code/my-website/_vendor/bundle/ruby/3.2.0/gems/nokogiri-1.14.1/ports/x86_64-linux-gnu/libxslt/1.1.37/lib/libxslt.a -lm -llzma -lz /home/hamorrar/Desktop/mydocs-ubu/code/my-website/_vendor/bundle/ruby/3.2.0/gems/nokogiri-1.14.1/ports/x86_64-linux-gnu/libxml2/2.10.3/lib/libxml2.a -llzma /home/hamorrar/Desktop/mydocs-ubu/code/my-website/_vendor/bundle/ruby/3.2.0/gems/nokogiri-1.14.1/ext/nokogiri/ports/x86_64-linux-gnu/libgumbo/1.0.0-nokogiri/lib/libgumbo.a -lm -lpthread  -lc"
conftest.c: In function ‘t’:
conftest.c:14:57: error: ‘xmlHasFeature’ undeclared (first use in this function)
   14 | int t(void) { void ((*volatile p)()); p = (void ((*)()))xmlHasFeature; return !p; }
      |                                                         ^~~~~~~~~~~~~
conftest.c:14:57: note: each undeclared identifier is reported only once for each function it appears in
checked program was:
/* begin */
 1: #include "ruby.h"
 2: 
 3: /*top*/
 4: extern int t(void);
 5: int main(int argc, char **argv)
 6: {
 7:   if (argc > 1000000) {
 8:     int (* volatile tp)(void)=(int (*)(void))&t;
 9:     printf("%d", (*tp)());
10:   }
11: 
12:   return !!argv[argc];
13: }
14: int t(void) { void ((*volatile p)()); p = (void ((*)()))xmlHasFeature; return !p; }
/* end */

LD_LIBRARY_PATH=.:/usr/lib/x86_64-linux-gnu "x86_64-linux-gnu-gcc -o conftest -I/usr/include/x86_64-linux-gnu/ruby-3.2.0 -I/usr/include/ruby-3.2.0/ruby/backward -I/usr/include/ruby-3.2.0 -I. -I/home/hamorrar/Desktop/mydocs-ubu/code/my-website/_vendor/bundle/ruby/3.2.0/gems/nokogiri-1.14.1/ports/x86_64-linux-gnu/libxml2/2.10.3/include/libxml2 -I/home/hamorrar/Desktop/mydocs-ubu/code/my-website/_vendor/bundle/ruby/3.2.0/gems/nokogiri-1.14.1/ports/x86_64-linux-gnu/libxslt/1.1.37/include -I/home/hamorrar/Desktop/mydocs-ubu/code/my-website/_vendor/bundle/ruby/3.2.0/gems/nokogiri-1.14.1/ports/x86_64-linux-gnu/libxml2/2.10.3/include/libxml2 -Wdate-time -D_FORTIFY_SOURCE=3   -DNOKOGIRI_PACKAGED_LIBRARIES -DNOKOGIRI_LIBXML2_PATCHES="\"0001-Remove-script-macro-support.patch 0002-Update-entities-to-remove-handling-of-ssi.patch 0003-libxml2.la-is-in-top_builddir.patch 0009-allow-wildcard-namespaces.patch\"" -DNOKOGIRI_LIBXSLT_PATCHES="\"0001-update-automake-files-for-arm64.patch\"" -I/home/hamorrar/Desktop/mydocs-ubu/code/my-website/_vendor/bundle/ruby/3.2.0/gems/nokogiri-1.14.1/ext/nokogiri/ports/x86_64-linux-gnu/libgumbo/1.0.0-nokogiri/include -g -O2 -fno-omit-frame-pointer -mno-omit-leaf-frame-pointer -ffile-prefix-map=BUILDDIR=. -fstack-protector-strong -fstack-clash-protection -Wformat -Werror=format-security -fcf-protection -fdebug-prefix-map=BUILDDIR=/usr/src/ruby3.2-3.2.3-1ubuntu0.24.04.1 -fPIC -std=c99 -Wno-declaration-after-statement -O2 -g -Winline -Wmissing-noreturn -Wconversion -Wno-sign-conversion conftest.c  -L. -L/usr/lib/x86_64-linux-gnu -L/home/hamorrar/Desktop/mydocs-ubu/code/my-website/_vendor/bundle/ruby/3.2.0/gems/nokogiri-1.14.1/ports/x86_64-linux-gnu/libxml2/2.10.3/lib -L/home/hamorrar/Desktop/mydocs-ubu/code/my-website/_vendor/bundle/ruby/3.2.0/gems/nokogiri-1.14.1/ports/x86_64-linux-gnu/libxslt/1.1.37/lib -L/home/hamorrar/Desktop/mydocs-ubu/code/my-website/_vendor/bundle/ruby/3.2.0/gems/nokogiri-1.14.1/ext/nokogiri/ports/x86_64-linux-gnu/libgumbo/1.0.0-nokogiri/lib -L. -Wl,-Bsymbolic-functions -Wl,-z,relro -Wl,-z,now -fstack-protector-strong -rdynamic -Wl,-export-dynamic -Wl,--no-as-needed    /home/hamorrar/Desktop/mydocs-ubu/code/my-website/_vendor/bundle/ruby/3.2.0/gems/nokogiri-1.14.1/ports/x86_64-linux-gnu/libxslt/1.1.37/lib/libexslt.a -lm -llzma -lz /home/hamorrar/Desktop/mydocs-ubu/code/my-website/_vendor/bundle/ruby/3.2.0/gems/nokogiri-1.14.1/ports/x86_64-linux-gnu/libxml2/2.10.3/lib/libxml2.a /home/hamorrar/Desktop/mydocs-ubu/code/my-website/_vendor/bundle/ruby/3.2.0/gems/nokogiri-1.14.1/ports/x86_64-linux-gnu/libxslt/1.1.37/lib/libxslt.a -lm -llzma -lz /home/hamorrar/Desktop/mydocs-ubu/code/my-website/_vendor/bundle/ruby/3.2.0/gems/nokogiri-1.14.1/ports/x86_64-linux-gnu/libxml2/2.10.3/lib/libxml2.a -llzma /home/hamorrar/Desktop/mydocs-ubu/code/my-website/_vendor/bundle/ruby/3.2.0/gems/nokogiri-1.14.1/ext/nokogiri/ports/x86_64-linux-gnu/libgumbo/1.0.0-nokogiri/lib/libgumbo.a -lruby-3.2 /home/hamorrar/Desktop/mydocs-ubu/code/my-website/_vendor/bundle/ruby/3.2.0/gems/nokogiri-1.14.1/ports/x86_64-linux-gnu/libxslt/1.1.37/lib/libexslt.a -lm -llzma -lz /home/hamorrar/Desktop/mydocs-ubu/code/my-website/_vendor/bundle/ruby/3.2.0/gems/nokogiri-1.14.1/ports/x86_64-linux-gnu/libxml2/2.10.3/lib/libxml2.a /home/hamorrar/Desktop/mydocs-ubu/code/my-website/_vendor/bundle/ruby/3.2.0/gems/nokogiri-1.14.1/ports/x86_64-linux-gnu/libxslt/1.1.37/lib/libxslt.a -lm -llzma -lz /home/hamorrar/Desktop/mydocs-ubu/code/my-website/_vendor/bundle/ruby/3.2.0/gems/nokogiri-1.14.1/ports/x86_64-linux-gnu/libxml2/2.10.3/lib/libxml2.a -llzma /home/hamorrar/Desktop/mydocs-ubu/code/my-website/_vendor/bundle/ruby/3.2.0/gems/nokogiri-1.14.1/ext/nokogiri/ports/x86_64-linux-gnu/libgumbo/1.0.0-nokogiri/lib/libgumbo.a -lm -lpthread  -lc"
checked program was:
/* begin */
 1: #include "ruby.h"
 2: 
 3: /*top*/
 4: extern int t(void);
 5: int main(int argc, char **argv)
 6: {
 7:   if (argc > 1000000) {
 8:     int (* volatile tp)(void)=(int (*)(void))&t;
 9:     printf("%d", (*tp)());
10:   }
11: 
12:   return !!argv[argc];
13: }
14: extern void xmlHasFeature();
15: int t(void) { xmlHasFeature(); return 0; }
/* end */

--------------------

have_func: checking for xmlFirstElementChild()... -------------------- yes

LD_LIBRARY_PATH=.:/usr/lib/x86_64-linux-gnu "x86_64-linux-gnu-gcc -o conftest -I/usr/include/x86_64-linux-gnu/ruby-3.2.0 -I/usr/include/ruby-3.2.0/ruby/backward -I/usr/include/ruby-3.2.0 -I. -I/home/hamorrar/Desktop/mydocs-ubu/code/my-website/_vendor/bundle/ruby/3.2.0/gems/nokogiri-1.14.1/ports/x86_64-linux-gnu/libxml2/2.10.3/include/libxml2 -I/home/hamorrar/Desktop/mydocs-ubu/code/my-website/_vendor/bundle/ruby/3.2.0/gems/nokogiri-1.14.1/ports/x86_64-linux-gnu/libxslt/1.1.37/include -I/home/hamorrar/Desktop/mydocs-ubu/code/my-website/_vendor/bundle/ruby/3.2.0/gems/nokogiri-1.14.1/ports/x86_64-linux-gnu/libxml2/2.10.3/include/libxml2 -Wdate-time -D_FORTIFY_SOURCE=3   -DNOKOGIRI_PACKAGED_LIBRARIES -DNOKOGIRI_LIBXML2_PATCHES="\"0001-Remove-script-macro-support.patch 0002-Update-entities-to-remove-handling-of-ssi.patch 0003-libxml2.la-is-in-top_builddir.patch 0009-allow-wildcard-namespaces.patch\"" -DNOKOGIRI_LIBXSLT_PATCHES="\"0001-update-automake-files-for-arm64.patch\"" -I/home/hamorrar/Desktop/mydocs-ubu/code/my-website/_vendor/bundle/ruby/3.2.0/gems/nokogiri-1.14.1/ext/nokogiri/ports/x86_64-linux-gnu/libgumbo/1.0.0-nokogiri/include -g -O2 -fno-omit-frame-pointer -mno-omit-leaf-frame-pointer -ffile-prefix-map=BUILDDIR=. -fstack-protector-strong -fstack-clash-protection -Wformat -Werror=format-security -fcf-protection -fdebug-prefix-map=BUILDDIR=/usr/src/ruby3.2-3.2.3-1ubuntu0.24.04.1 -fPIC -std=c99 -Wno-declaration-after-statement -O2 -g -Winline -Wmissing-noreturn -Wconversion -Wno-sign-conversion conftest.c  -L. -L/usr/lib/x86_64-linux-gnu -L/home/hamorrar/Desktop/mydocs-ubu/code/my-website/_vendor/bundle/ruby/3.2.0/gems/nokogiri-1.14.1/ports/x86_64-linux-gnu/libxml2/2.10.3/lib -L/home/hamorrar/Desktop/mydocs-ubu/code/my-website/_vendor/bundle/ruby/3.2.0/gems/nokogiri-1.14.1/ports/x86_64-linux-gnu/libxslt/1.1.37/lib -L/home/hamorrar/Desktop/mydocs-ubu/code/my-website/_vendor/bundle/ruby/3.2.0/gems/nokogiri-1.14.1/ext/nokogiri/ports/x86_64-linux-gnu/libgumbo/1.0.0-nokogiri/lib -L. -Wl,-Bsymbolic-functions -Wl,-z,relro -Wl,-z,now -fstack-protector-strong -rdynamic -Wl,-export-dynamic -Wl,--no-as-needed    /home/hamorrar/Desktop/mydocs-ubu/code/my-website/_vendor/bundle/ruby/3.2.0/gems/nokogiri-1.14.1/ports/x86_64-linux-gnu/libxslt/1.1.37/lib/libexslt.a -lm -llzma -lz /home/hamorrar/Desktop/mydocs-ubu/code/my-website/_vendor/bundle/ruby/3.2.0/gems/nokogiri-1.14.1/ports/x86_64-linux-gnu/libxml2/2.10.3/lib/libxml2.a /home/hamorrar/Desktop/mydocs-ubu/code/my-website/_vendor/bundle/ruby/3.2.0/gems/nokogiri-1.14.1/ports/x86_64-linux-gnu/libxslt/1.1.37/lib/libxslt.a -lm -llzma -lz /home/hamorrar/Desktop/mydocs-ubu/code/my-website/_vendor/bundle/ruby/3.2.0/gems/nokogiri-1.14.1/ports/x86_64-linux-gnu/libxml2/2.10.3/lib/libxml2.a -llzma /home/hamorrar/Desktop/mydocs-ubu/code/my-website/_vendor/bundle/ruby/3.2.0/gems/nokogiri-1.14.1/ext/nokogiri/ports/x86_64-linux-gnu/libgumbo/1.0.0-nokogiri/lib/libgumbo.a -lruby-3.2 /home/hamorrar/Desktop/mydocs-ubu/code/my-website/_vendor/bundle/ruby/3.2.0/gems/nokogiri-1.14.1/ports/x86_64-linux-gnu/libxslt/1.1.37/lib/libexslt.a -lm -llzma -lz /home/hamorrar/Desktop/mydocs-ubu/code/my-website/_vendor/bundle/ruby/3.2.0/gems/nokogiri-1.14.1/ports/x86_64-linux-gnu/libxml2/2.10.3/lib/libxml2.a /home/hamorrar/Desktop/mydocs-ubu/code/my-website/_vendor/bundle/ruby/3.2.0/gems/nokogiri-1.14.1/ports/x86_64-linux-gnu/libxslt/1.1.37/lib/libxslt.a -lm -llzma -lz /home/hamorrar/Desktop/mydocs-ubu/code/my-website/_vendor/bundle/ruby/3.2.0/gems/nokogiri-1.14.1/ports/x86_64-linux-gnu/libxml2/2.10.3/lib/libxml2.a -llzma /home/hamorrar/Desktop/mydocs-ubu/code/my-website/_vendor/bundle/ruby/3.2.0/gems/nokogiri-1.14.1/ext/nokogiri/ports/x86_64-linux-gnu/libgumbo/1.0.0-nokogiri/lib/libgumbo.a -lm -lpthread  -lc"
conftest.c: In function ‘t’:
conftest.c:14:57: error: ‘xmlFirstElementChild’ undeclared (first use in this function)
   14 | int t(void) { void ((*volatile p)()); p = (void ((*)()))xmlFirstElementChild; return !p; }
      |                                                         ^~~~~~~~~~~~~~~~~~~~
conftest.c:14:57: note: each undeclared identifier is reported only once for each function it appears in
checked program was:
/* begin */
 1: #include "ruby.h"
 2: 
 3: /*top*/
 4: extern int t(void);
 5: int main(int argc, char **argv)
 6: {
 7:   if (argc > 1000000) {
 8:     int (* volatile tp)(void)=(int (*)(void))&t;
 9:     printf("%d", (*tp)());
10:   }
11: 
12:   return !!argv[argc];
13: }
14: int t(void) { void ((*volatile p)()); p = (void ((*)()))xmlFirstElementChild; return !p; }
/* end */

LD_LIBRARY_PATH=.:/usr/lib/x86_64-linux-gnu "x86_64-linux-gnu-gcc -o conftest -I/usr/include/x86_64-linux-gnu/ruby-3.2.0 -I/usr/include/ruby-3.2.0/ruby/backward -I/usr/include/ruby-3.2.0 -I. -I/home/hamorrar/Desktop/mydocs-ubu/code/my-website/_vendor/bundle/ruby/3.2.0/gems/nokogiri-1.14.1/ports/x86_64-linux-gnu/libxml2/2.10.3/include/libxml2 -I/home/hamorrar/Desktop/mydocs-ubu/code/my-website/_vendor/bundle/ruby/3.2.0/gems/nokogiri-1.14.1/ports/x86_64-linux-gnu/libxslt/1.1.37/include -I/home/hamorrar/Desktop/mydocs-ubu/code/my-website/_vendor/bundle/ruby/3.2.0/gems/nokogiri-1.14.1/ports/x86_64-linux-gnu/libxml2/2.10.3/include/libxml2 -Wdate-time -D_FORTIFY_SOURCE=3   -DNOKOGIRI_PACKAGED_LIBRARIES -DNOKOGIRI_LIBXML2_PATCHES="\"0001-Remove-script-macro-support.patch 0002-Update-entities-to-remove-handling-of-ssi.patch 0003-libxml2.la-is-in-top_builddir.patch 0009-allow-wildcard-namespaces.patch\"" -DNOKOGIRI_LIBXSLT_PATCHES="\"0001-update-automake-files-for-arm64.patch\"" -I/home/hamorrar/Desktop/mydocs-ubu/code/my-website/_vendor/bundle/ruby/3.2.0/gems/nokogiri-1.14.1/ext/nokogiri/ports/x86_64-linux-gnu/libgumbo/1.0.0-nokogiri/include -g -O2 -fno-omit-frame-pointer -mno-omit-leaf-frame-pointer -ffile-prefix-map=BUILDDIR=. -fstack-protector-strong -fstack-clash-protection -Wformat -Werror=format-security -fcf-protection -fdebug-prefix-map=BUILDDIR=/usr/src/ruby3.2-3.2.3-1ubuntu0.24.04.1 -fPIC -std=c99 -Wno-declaration-after-statement -O2 -g -Winline -Wmissing-noreturn -Wconversion -Wno-sign-conversion conftest.c  -L. -L/usr/lib/x86_64-linux-gnu -L/home/hamorrar/Desktop/mydocs-ubu/code/my-website/_vendor/bundle/ruby/3.2.0/gems/nokogiri-1.14.1/ports/x86_64-linux-gnu/libxml2/2.10.3/lib -L/home/hamorrar/Desktop/mydocs-ubu/code/my-website/_vendor/bundle/ruby/3.2.0/gems/nokogiri-1.14.1/ports/x86_64-linux-gnu/libxslt/1.1.37/lib -L/home/hamorrar/Desktop/mydocs-ubu/code/my-website/_vendor/bundle/ruby/3.2.0/gems/nokogiri-1.14.1/ext/nokogiri/ports/x86_64-linux-gnu/libgumbo/1.0.0-nokogiri/lib -L. -Wl,-Bsymbolic-functions -Wl,-z,relro -Wl,-z,now -fstack-protector-strong -rdynamic -Wl,-export-dynamic -Wl,--no-as-needed    /home/hamorrar/Desktop/mydocs-ubu/code/my-website/_vendor/bundle/ruby/3.2.0/gems/nokogiri-1.14.1/ports/x86_64-linux-gnu/libxslt/1.1.37/lib/libexslt.a -lm -llzma -lz /home/hamorrar/Desktop/mydocs-ubu/code/my-website/_vendor/bundle/ruby/3.2.0/gems/nokogiri-1.14.1/ports/x86_64-linux-gnu/libxml2/2.10.3/lib/libxml2.a /home/hamorrar/Desktop/mydocs-ubu/code/my-website/_vendor/bundle/ruby/3.2.0/gems/nokogiri-1.14.1/ports/x86_64-linux-gnu/libxslt/1.1.37/lib/libxslt.a -lm -llzma -lz /home/hamorrar/Desktop/mydocs-ubu/code/my-website/_vendor/bundle/ruby/3.2.0/gems/nokogiri-1.14.1/ports/x86_64-linux-gnu/libxml2/2.10.3/lib/libxml2.a -llzma /home/hamorrar/Desktop/mydocs-ubu/code/my-website/_vendor/bundle/ruby/3.2.0/gems/nokogiri-1.14.1/ext/nokogiri/ports/x86_64-linux-gnu/libgumbo/1.0.0-nokogiri/lib/libgumbo.a -lruby-3.2 /home/hamorrar/Desktop/mydocs-ubu/code/my-website/_vendor/bundle/ruby/3.2.0/gems/nokogiri-1.14.1/ports/x86_64-linux-gnu/libxslt/1.1.37/lib/libexslt.a -lm -llzma -lz /home/hamorrar/Desktop/mydocs-ubu/code/my-website/_vendor/bundle/ruby/3.2.0/gems/nokogiri-1.14.1/ports/x86_64-linux-gnu/libxml2/2.10.3/lib/libxml2.a /home/hamorrar/Desktop/mydocs-ubu/code/my-website/_vendor/bundle/ruby/3.2.0/gems/nokogiri-1.14.1/ports/x86_64-linux-gnu/libxslt/1.1.37/lib/libxslt.a -lm -llzma -lz /home/hamorrar/Desktop/mydocs-ubu/code/my-website/_vendor/bundle/ruby/3.2.0/gems/nokogiri-1.14.1/ports/x86_64-linux-gnu/libxml2/2.10.3/lib/libxml2.a -llzma /home/hamorrar/Desktop/mydocs-ubu/code/my-website/_vendor/bundle/ruby/3.2.0/gems/nokogiri-1.14.1/ext/nokogiri/ports/x86_64-linux-gnu/libgumbo/1.0.0-nokogiri/lib/libgumbo.a -lm -lpthread  -lc"
checked program was:
/* begin */
 1: #include "ruby.h"
 2: 
 3: /*top*/
 4: extern int t(void);
 5: int main(int argc, char **argv)
 6: {
 7:   if (argc > 1000000) {
 8:     int (* volatile tp)(void)=(int (*)(void))&t;
 9:     printf("%d", (*tp)());
10:   }
11: 
12:   return !!argv[argc];
13: }
14: extern void xmlFirstElementChild();
15: int t(void) { xmlFirstElementChild(); return 0; }
/* end */

--------------------

have_func: checking for xmlRelaxNGSetParserStructuredErrors()... -------------------- yes

LD_LIBRARY_PATH=.:/usr/lib/x86_64-linux-gnu "x86_64-linux-gnu-gcc -o conftest -I/usr/include/x86_64-linux-gnu/ruby-3.2.0 -I/usr/include/ruby-3.2.0/ruby/backward -I/usr/include/ruby-3.2.0 -I. -I/home/hamorrar/Desktop/mydocs-ubu/code/my-website/_vendor/bundle/ruby/3.2.0/gems/nokogiri-1.14.1/ports/x86_64-linux-gnu/libxml2/2.10.3/include/libxml2 -I/home/hamorrar/Desktop/mydocs-ubu/code/my-website/_vendor/bundle/ruby/3.2.0/gems/nokogiri-1.14.1/ports/x86_64-linux-gnu/libxslt/1.1.37/include -I/home/hamorrar/Desktop/mydocs-ubu/code/my-website/_vendor/bundle/ruby/3.2.0/gems/nokogiri-1.14.1/ports/x86_64-linux-gnu/libxml2/2.10.3/include/libxml2 -Wdate-time -D_FORTIFY_SOURCE=3   -DNOKOGIRI_PACKAGED_LIBRARIES -DNOKOGIRI_LIBXML2_PATCHES="\"0001-Remove-script-macro-support.patch 0002-Update-entities-to-remove-handling-of-ssi.patch 0003-libxml2.la-is-in-top_builddir.patch 0009-allow-wildcard-namespaces.patch\"" -DNOKOGIRI_LIBXSLT_PATCHES="\"0001-update-automake-files-for-arm64.patch\"" -I/home/hamorrar/Desktop/mydocs-ubu/code/my-website/_vendor/bundle/ruby/3.2.0/gems/nokogiri-1.14.1/ext/nokogiri/ports/x86_64-linux-gnu/libgumbo/1.0.0-nokogiri/include -g -O2 -fno-omit-frame-pointer -mno-omit-leaf-frame-pointer -ffile-prefix-map=BUILDDIR=. -fstack-protector-strong -fstack-clash-protection -Wformat -Werror=format-security -fcf-protection -fdebug-prefix-map=BUILDDIR=/usr/src/ruby3.2-3.2.3-1ubuntu0.24.04.1 -fPIC -std=c99 -Wno-declaration-after-statement -O2 -g -Winline -Wmissing-noreturn -Wconversion -Wno-sign-conversion conftest.c  -L. -L/usr/lib/x86_64-linux-gnu -L/home/hamorrar/Desktop/mydocs-ubu/code/my-website/_vendor/bundle/ruby/3.2.0/gems/nokogiri-1.14.1/ports/x86_64-linux-gnu/libxml2/2.10.3/lib -L/home/hamorrar/Desktop/mydocs-ubu/code/my-website/_vendor/bundle/ruby/3.2.0/gems/nokogiri-1.14.1/ports/x86_64-linux-gnu/libxslt/1.1.37/lib -L/home/hamorrar/Desktop/mydocs-ubu/code/my-website/_vendor/bundle/ruby/3.2.0/gems/nokogiri-1.14.1/ext/nokogiri/ports/x86_64-linux-gnu/libgumbo/1.0.0-nokogiri/lib -L. -Wl,-Bsymbolic-functions -Wl,-z,relro -Wl,-z,now -fstack-protector-strong -rdynamic -Wl,-export-dynamic -Wl,--no-as-needed    /home/hamorrar/Desktop/mydocs-ubu/code/my-website/_vendor/bundle/ruby/3.2.0/gems/nokogiri-1.14.1/ports/x86_64-linux-gnu/libxslt/1.1.37/lib/libexslt.a -lm -llzma -lz /home/hamorrar/Desktop/mydocs-ubu/code/my-website/_vendor/bundle/ruby/3.2.0/gems/nokogiri-1.14.1/ports/x86_64-linux-gnu/libxml2/2.10.3/lib/libxml2.a /home/hamorrar/Desktop/mydocs-ubu/code/my-website/_vendor/bundle/ruby/3.2.0/gems/nokogiri-1.14.1/ports/x86_64-linux-gnu/libxslt/1.1.37/lib/libxslt.a -lm -llzma -lz /home/hamorrar/Desktop/mydocs-ubu/code/my-website/_vendor/bundle/ruby/3.2.0/gems/nokogiri-1.14.1/ports/x86_64-linux-gnu/libxml2/2.10.3/lib/libxml2.a -llzma /home/hamorrar/Desktop/mydocs-ubu/code/my-website/_vendor/bundle/ruby/3.2.0/gems/nokogiri-1.14.1/ext/nokogiri/ports/x86_64-linux-gnu/libgumbo/1.0.0-nokogiri/lib/libgumbo.a -lruby-3.2 /home/hamorrar/Desktop/mydocs-ubu/code/my-website/_vendor/bundle/ruby/3.2.0/gems/nokogiri-1.14.1/ports/x86_64-linux-gnu/libxslt/1.1.37/lib/libexslt.a -lm -llzma -lz /home/hamorrar/Desktop/mydocs-ubu/code/my-website/_vendor/bundle/ruby/3.2.0/gems/nokogiri-1.14.1/ports/x86_64-linux-gnu/libxml2/2.10.3/lib/libxml2.a /home/hamorrar/Desktop/mydocs-ubu/code/my-website/_vendor/bundle/ruby/3.2.0/gems/nokogiri-1.14.1/ports/x86_64-linux-gnu/libxslt/1.1.37/lib/libxslt.a -lm -llzma -lz /home/hamorrar/Desktop/mydocs-ubu/code/my-website/_vendor/bundle/ruby/3.2.0/gems/nokogiri-1.14.1/ports/x86_64-linux-gnu/libxml2/2.10.3/lib/libxml2.a -llzma /home/hamorrar/Desktop/mydocs-ubu/code/my-website/_vendor/bundle/ruby/3.2.0/gems/nokogiri-1.14.1/ext/nokogiri/ports/x86_64-linux-gnu/libgumbo/1.0.0-nokogiri/lib/libgumbo.a -lm -lpthread  -lc"
conftest.c: In function ‘t’:
conftest.c:14:57: error: ‘xmlRelaxNGSetParserStructuredErrors’ undeclared (first use in this function)
   14 | int t(void) { void ((*volatile p)()); p = (void ((*)()))xmlRelaxNGSetParserStructuredErrors; return !p; }
      |                                                         ^~~~~~~~~~~~~~~~~~~~~~~~~~~~~~~~~~~
conftest.c:14:57: note: each undeclared identifier is reported only once for each function it appears in
checked program was:
/* begin */
 1: #include "ruby.h"
 2: 
 3: /*top*/
 4: extern int t(void);
 5: int main(int argc, char **argv)
 6: {
 7:   if (argc > 1000000) {
 8:     int (* volatile tp)(void)=(int (*)(void))&t;
 9:     printf("%d", (*tp)());
10:   }
11: 
12:   return !!argv[argc];
13: }
14: int t(void) { void ((*volatile p)()); p = (void ((*)()))xmlRelaxNGSetParserStructuredErrors; return !p; }
/* end */

LD_LIBRARY_PATH=.:/usr/lib/x86_64-linux-gnu "x86_64-linux-gnu-gcc -o conftest -I/usr/include/x86_64-linux-gnu/ruby-3.2.0 -I/usr/include/ruby-3.2.0/ruby/backward -I/usr/include/ruby-3.2.0 -I. -I/home/hamorrar/Desktop/mydocs-ubu/code/my-website/_vendor/bundle/ruby/3.2.0/gems/nokogiri-1.14.1/ports/x86_64-linux-gnu/libxml2/2.10.3/include/libxml2 -I/home/hamorrar/Desktop/mydocs-ubu/code/my-website/_vendor/bundle/ruby/3.2.0/gems/nokogiri-1.14.1/ports/x86_64-linux-gnu/libxslt/1.1.37/include -I/home/hamorrar/Desktop/mydocs-ubu/code/my-website/_vendor/bundle/ruby/3.2.0/gems/nokogiri-1.14.1/ports/x86_64-linux-gnu/libxml2/2.10.3/include/libxml2 -Wdate-time -D_FORTIFY_SOURCE=3   -DNOKOGIRI_PACKAGED_LIBRARIES -DNOKOGIRI_LIBXML2_PATCHES="\"0001-Remove-script-macro-support.patch 0002-Update-entities-to-remove-handling-of-ssi.patch 0003-libxml2.la-is-in-top_builddir.patch 0009-allow-wildcard-namespaces.patch\"" -DNOKOGIRI_LIBXSLT_PATCHES="\"0001-update-automake-files-for-arm64.patch\"" -I/home/hamorrar/Desktop/mydocs-ubu/code/my-website/_vendor/bundle/ruby/3.2.0/gems/nokogiri-1.14.1/ext/nokogiri/ports/x86_64-linux-gnu/libgumbo/1.0.0-nokogiri/include -g -O2 -fno-omit-frame-pointer -mno-omit-leaf-frame-pointer -ffile-prefix-map=BUILDDIR=. -fstack-protector-strong -fstack-clash-protection -Wformat -Werror=format-security -fcf-protection -fdebug-prefix-map=BUILDDIR=/usr/src/ruby3.2-3.2.3-1ubuntu0.24.04.1 -fPIC -std=c99 -Wno-declaration-after-statement -O2 -g -Winline -Wmissing-noreturn -Wconversion -Wno-sign-conversion conftest.c  -L. -L/usr/lib/x86_64-linux-gnu -L/home/hamorrar/Desktop/mydocs-ubu/code/my-website/_vendor/bundle/ruby/3.2.0/gems/nokogiri-1.14.1/ports/x86_64-linux-gnu/libxml2/2.10.3/lib -L/home/hamorrar/Desktop/mydocs-ubu/code/my-website/_vendor/bundle/ruby/3.2.0/gems/nokogiri-1.14.1/ports/x86_64-linux-gnu/libxslt/1.1.37/lib -L/home/hamorrar/Desktop/mydocs-ubu/code/my-website/_vendor/bundle/ruby/3.2.0/gems/nokogiri-1.14.1/ext/nokogiri/ports/x86_64-linux-gnu/libgumbo/1.0.0-nokogiri/lib -L. -Wl,-Bsymbolic-functions -Wl,-z,relro -Wl,-z,now -fstack-protector-strong -rdynamic -Wl,-export-dynamic -Wl,--no-as-needed    /home/hamorrar/Desktop/mydocs-ubu/code/my-website/_vendor/bundle/ruby/3.2.0/gems/nokogiri-1.14.1/ports/x86_64-linux-gnu/libxslt/1.1.37/lib/libexslt.a -lm -llzma -lz /home/hamorrar/Desktop/mydocs-ubu/code/my-website/_vendor/bundle/ruby/3.2.0/gems/nokogiri-1.14.1/ports/x86_64-linux-gnu/libxml2/2.10.3/lib/libxml2.a /home/hamorrar/Desktop/mydocs-ubu/code/my-website/_vendor/bundle/ruby/3.2.0/gems/nokogiri-1.14.1/ports/x86_64-linux-gnu/libxslt/1.1.37/lib/libxslt.a -lm -llzma -lz /home/hamorrar/Desktop/mydocs-ubu/code/my-website/_vendor/bundle/ruby/3.2.0/gems/nokogiri-1.14.1/ports/x86_64-linux-gnu/libxml2/2.10.3/lib/libxml2.a -llzma /home/hamorrar/Desktop/mydocs-ubu/code/my-website/_vendor/bundle/ruby/3.2.0/gems/nokogiri-1.14.1/ext/nokogiri/ports/x86_64-linux-gnu/libgumbo/1.0.0-nokogiri/lib/libgumbo.a -lruby-3.2 /home/hamorrar/Desktop/mydocs-ubu/code/my-website/_vendor/bundle/ruby/3.2.0/gems/nokogiri-1.14.1/ports/x86_64-linux-gnu/libxslt/1.1.37/lib/libexslt.a -lm -llzma -lz /home/hamorrar/Desktop/mydocs-ubu/code/my-website/_vendor/bundle/ruby/3.2.0/gems/nokogiri-1.14.1/ports/x86_64-linux-gnu/libxml2/2.10.3/lib/libxml2.a /home/hamorrar/Desktop/mydocs-ubu/code/my-website/_vendor/bundle/ruby/3.2.0/gems/nokogiri-1.14.1/ports/x86_64-linux-gnu/libxslt/1.1.37/lib/libxslt.a -lm -llzma -lz /home/hamorrar/Desktop/mydocs-ubu/code/my-website/_vendor/bundle/ruby/3.2.0/gems/nokogiri-1.14.1/ports/x86_64-linux-gnu/libxml2/2.10.3/lib/libxml2.a -llzma /home/hamorrar/Desktop/mydocs-ubu/code/my-website/_vendor/bundle/ruby/3.2.0/gems/nokogiri-1.14.1/ext/nokogiri/ports/x86_64-linux-gnu/libgumbo/1.0.0-nokogiri/lib/libgumbo.a -lm -lpthread  -lc"
checked program was:
/* begin */
 1: #include "ruby.h"
 2: 
 3: /*top*/
 4: extern int t(void);
 5: int main(int argc, char **argv)
 6: {
 7:   if (argc > 1000000) {
 8:     int (* volatile tp)(void)=(int (*)(void))&t;
 9:     printf("%d", (*tp)());
10:   }
11: 
12:   return !!argv[argc];
13: }
14: extern void xmlRelaxNGSetParserStructuredErrors();
15: int t(void) { xmlRelaxNGSetParserStructuredErrors(); return 0; }
/* end */

--------------------

have_func: checking for xmlRelaxNGSetValidStructuredErrors()... -------------------- yes

LD_LIBRARY_PATH=.:/usr/lib/x86_64-linux-gnu "x86_64-linux-gnu-gcc -o conftest -I/usr/include/x86_64-linux-gnu/ruby-3.2.0 -I/usr/include/ruby-3.2.0/ruby/backward -I/usr/include/ruby-3.2.0 -I. -I/home/hamorrar/Desktop/mydocs-ubu/code/my-website/_vendor/bundle/ruby/3.2.0/gems/nokogiri-1.14.1/ports/x86_64-linux-gnu/libxml2/2.10.3/include/libxml2 -I/home/hamorrar/Desktop/mydocs-ubu/code/my-website/_vendor/bundle/ruby/3.2.0/gems/nokogiri-1.14.1/ports/x86_64-linux-gnu/libxslt/1.1.37/include -I/home/hamorrar/Desktop/mydocs-ubu/code/my-website/_vendor/bundle/ruby/3.2.0/gems/nokogiri-1.14.1/ports/x86_64-linux-gnu/libxml2/2.10.3/include/libxml2 -Wdate-time -D_FORTIFY_SOURCE=3   -DNOKOGIRI_PACKAGED_LIBRARIES -DNOKOGIRI_LIBXML2_PATCHES="\"0001-Remove-script-macro-support.patch 0002-Update-entities-to-remove-handling-of-ssi.patch 0003-libxml2.la-is-in-top_builddir.patch 0009-allow-wildcard-namespaces.patch\"" -DNOKOGIRI_LIBXSLT_PATCHES="\"0001-update-automake-files-for-arm64.patch\"" -I/home/hamorrar/Desktop/mydocs-ubu/code/my-website/_vendor/bundle/ruby/3.2.0/gems/nokogiri-1.14.1/ext/nokogiri/ports/x86_64-linux-gnu/libgumbo/1.0.0-nokogiri/include -g -O2 -fno-omit-frame-pointer -mno-omit-leaf-frame-pointer -ffile-prefix-map=BUILDDIR=. -fstack-protector-strong -fstack-clash-protection -Wformat -Werror=format-security -fcf-protection -fdebug-prefix-map=BUILDDIR=/usr/src/ruby3.2-3.2.3-1ubuntu0.24.04.1 -fPIC -std=c99 -Wno-declaration-after-statement -O2 -g -Winline -Wmissing-noreturn -Wconversion -Wno-sign-conversion conftest.c  -L. -L/usr/lib/x86_64-linux-gnu -L/home/hamorrar/Desktop/mydocs-ubu/code/my-website/_vendor/bundle/ruby/3.2.0/gems/nokogiri-1.14.1/ports/x86_64-linux-gnu/libxml2/2.10.3/lib -L/home/hamorrar/Desktop/mydocs-ubu/code/my-website/_vendor/bundle/ruby/3.2.0/gems/nokogiri-1.14.1/ports/x86_64-linux-gnu/libxslt/1.1.37/lib -L/home/hamorrar/Desktop/mydocs-ubu/code/my-website/_vendor/bundle/ruby/3.2.0/gems/nokogiri-1.14.1/ext/nokogiri/ports/x86_64-linux-gnu/libgumbo/1.0.0-nokogiri/lib -L. -Wl,-Bsymbolic-functions -Wl,-z,relro -Wl,-z,now -fstack-protector-strong -rdynamic -Wl,-export-dynamic -Wl,--no-as-needed    /home/hamorrar/Desktop/mydocs-ubu/code/my-website/_vendor/bundle/ruby/3.2.0/gems/nokogiri-1.14.1/ports/x86_64-linux-gnu/libxslt/1.1.37/lib/libexslt.a -lm -llzma -lz /home/hamorrar/Desktop/mydocs-ubu/code/my-website/_vendor/bundle/ruby/3.2.0/gems/nokogiri-1.14.1/ports/x86_64-linux-gnu/libxml2/2.10.3/lib/libxml2.a /home/hamorrar/Desktop/mydocs-ubu/code/my-website/_vendor/bundle/ruby/3.2.0/gems/nokogiri-1.14.1/ports/x86_64-linux-gnu/libxslt/1.1.37/lib/libxslt.a -lm -llzma -lz /home/hamorrar/Desktop/mydocs-ubu/code/my-website/_vendor/bundle/ruby/3.2.0/gems/nokogiri-1.14.1/ports/x86_64-linux-gnu/libxml2/2.10.3/lib/libxml2.a -llzma /home/hamorrar/Desktop/mydocs-ubu/code/my-website/_vendor/bundle/ruby/3.2.0/gems/nokogiri-1.14.1/ext/nokogiri/ports/x86_64-linux-gnu/libgumbo/1.0.0-nokogiri/lib/libgumbo.a -lruby-3.2 /home/hamorrar/Desktop/mydocs-ubu/code/my-website/_vendor/bundle/ruby/3.2.0/gems/nokogiri-1.14.1/ports/x86_64-linux-gnu/libxslt/1.1.37/lib/libexslt.a -lm -llzma -lz /home/hamorrar/Desktop/mydocs-ubu/code/my-website/_vendor/bundle/ruby/3.2.0/gems/nokogiri-1.14.1/ports/x86_64-linux-gnu/libxml2/2.10.3/lib/libxml2.a /home/hamorrar/Desktop/mydocs-ubu/code/my-website/_vendor/bundle/ruby/3.2.0/gems/nokogiri-1.14.1/ports/x86_64-linux-gnu/libxslt/1.1.37/lib/libxslt.a -lm -llzma -lz /home/hamorrar/Desktop/mydocs-ubu/code/my-website/_vendor/bundle/ruby/3.2.0/gems/nokogiri-1.14.1/ports/x86_64-linux-gnu/libxml2/2.10.3/lib/libxml2.a -llzma /home/hamorrar/Desktop/mydocs-ubu/code/my-website/_vendor/bundle/ruby/3.2.0/gems/nokogiri-1.14.1/ext/nokogiri/ports/x86_64-linux-gnu/libgumbo/1.0.0-nokogiri/lib/libgumbo.a -lm -lpthread  -lc"
conftest.c: In function ‘t’:
conftest.c:14:57: error: ‘xmlRelaxNGSetValidStructuredErrors’ undeclared (first use in this function)
   14 | int t(void) { void ((*volatile p)()); p = (void ((*)()))xmlRelaxNGSetValidStructuredErrors; return !p; }
      |                                                         ^~~~~~~~~~~~~~~~~~~~~~~~~~~~~~~~~~
conftest.c:14:57: note: each undeclared identifier is reported only once for each function it appears in
checked program was:
/* begin */
 1: #include "ruby.h"
 2: 
 3: /*top*/
 4: extern int t(void);
 5: int main(int argc, char **argv)
 6: {
 7:   if (argc > 1000000) {
 8:     int (* volatile tp)(void)=(int (*)(void))&t;
 9:     printf("%d", (*tp)());
10:   }
11: 
12:   return !!argv[argc];
13: }
14: int t(void) { void ((*volatile p)()); p = (void ((*)()))xmlRelaxNGSetValidStructuredErrors; return !p; }
/* end */

LD_LIBRARY_PATH=.:/usr/lib/x86_64-linux-gnu "x86_64-linux-gnu-gcc -o conftest -I/usr/include/x86_64-linux-gnu/ruby-3.2.0 -I/usr/include/ruby-3.2.0/ruby/backward -I/usr/include/ruby-3.2.0 -I. -I/home/hamorrar/Desktop/mydocs-ubu/code/my-website/_vendor/bundle/ruby/3.2.0/gems/nokogiri-1.14.1/ports/x86_64-linux-gnu/libxml2/2.10.3/include/libxml2 -I/home/hamorrar/Desktop/mydocs-ubu/code/my-website/_vendor/bundle/ruby/3.2.0/gems/nokogiri-1.14.1/ports/x86_64-linux-gnu/libxslt/1.1.37/include -I/home/hamorrar/Desktop/mydocs-ubu/code/my-website/_vendor/bundle/ruby/3.2.0/gems/nokogiri-1.14.1/ports/x86_64-linux-gnu/libxml2/2.10.3/include/libxml2 -Wdate-time -D_FORTIFY_SOURCE=3   -DNOKOGIRI_PACKAGED_LIBRARIES -DNOKOGIRI_LIBXML2_PATCHES="\"0001-Remove-script-macro-support.patch 0002-Update-entities-to-remove-handling-of-ssi.patch 0003-libxml2.la-is-in-top_builddir.patch 0009-allow-wildcard-namespaces.patch\"" -DNOKOGIRI_LIBXSLT_PATCHES="\"0001-update-automake-files-for-arm64.patch\"" -I/home/hamorrar/Desktop/mydocs-ubu/code/my-website/_vendor/bundle/ruby/3.2.0/gems/nokogiri-1.14.1/ext/nokogiri/ports/x86_64-linux-gnu/libgumbo/1.0.0-nokogiri/include -g -O2 -fno-omit-frame-pointer -mno-omit-leaf-frame-pointer -ffile-prefix-map=BUILDDIR=. -fstack-protector-strong -fstack-clash-protection -Wformat -Werror=format-security -fcf-protection -fdebug-prefix-map=BUILDDIR=/usr/src/ruby3.2-3.2.3-1ubuntu0.24.04.1 -fPIC -std=c99 -Wno-declaration-after-statement -O2 -g -Winline -Wmissing-noreturn -Wconversion -Wno-sign-conversion conftest.c  -L. -L/usr/lib/x86_64-linux-gnu -L/home/hamorrar/Desktop/mydocs-ubu/code/my-website/_vendor/bundle/ruby/3.2.0/gems/nokogiri-1.14.1/ports/x86_64-linux-gnu/libxml2/2.10.3/lib -L/home/hamorrar/Desktop/mydocs-ubu/code/my-website/_vendor/bundle/ruby/3.2.0/gems/nokogiri-1.14.1/ports/x86_64-linux-gnu/libxslt/1.1.37/lib -L/home/hamorrar/Desktop/mydocs-ubu/code/my-website/_vendor/bundle/ruby/3.2.0/gems/nokogiri-1.14.1/ext/nokogiri/ports/x86_64-linux-gnu/libgumbo/1.0.0-nokogiri/lib -L. -Wl,-Bsymbolic-functions -Wl,-z,relro -Wl,-z,now -fstack-protector-strong -rdynamic -Wl,-export-dynamic -Wl,--no-as-needed    /home/hamorrar/Desktop/mydocs-ubu/code/my-website/_vendor/bundle/ruby/3.2.0/gems/nokogiri-1.14.1/ports/x86_64-linux-gnu/libxslt/1.1.37/lib/libexslt.a -lm -llzma -lz /home/hamorrar/Desktop/mydocs-ubu/code/my-website/_vendor/bundle/ruby/3.2.0/gems/nokogiri-1.14.1/ports/x86_64-linux-gnu/libxml2/2.10.3/lib/libxml2.a /home/hamorrar/Desktop/mydocs-ubu/code/my-website/_vendor/bundle/ruby/3.2.0/gems/nokogiri-1.14.1/ports/x86_64-linux-gnu/libxslt/1.1.37/lib/libxslt.a -lm -llzma -lz /home/hamorrar/Desktop/mydocs-ubu/code/my-website/_vendor/bundle/ruby/3.2.0/gems/nokogiri-1.14.1/ports/x86_64-linux-gnu/libxml2/2.10.3/lib/libxml2.a -llzma /home/hamorrar/Desktop/mydocs-ubu/code/my-website/_vendor/bundle/ruby/3.2.0/gems/nokogiri-1.14.1/ext/nokogiri/ports/x86_64-linux-gnu/libgumbo/1.0.0-nokogiri/lib/libgumbo.a -lruby-3.2 /home/hamorrar/Desktop/mydocs-ubu/code/my-website/_vendor/bundle/ruby/3.2.0/gems/nokogiri-1.14.1/ports/x86_64-linux-gnu/libxslt/1.1.37/lib/libexslt.a -lm -llzma -lz /home/hamorrar/Desktop/mydocs-ubu/code/my-website/_vendor/bundle/ruby/3.2.0/gems/nokogiri-1.14.1/ports/x86_64-linux-gnu/libxml2/2.10.3/lib/libxml2.a /home/hamorrar/Desktop/mydocs-ubu/code/my-website/_vendor/bundle/ruby/3.2.0/gems/nokogiri-1.14.1/ports/x86_64-linux-gnu/libxslt/1.1.37/lib/libxslt.a -lm -llzma -lz /home/hamorrar/Desktop/mydocs-ubu/code/my-website/_vendor/bundle/ruby/3.2.0/gems/nokogiri-1.14.1/ports/x86_64-linux-gnu/libxml2/2.10.3/lib/libxml2.a -llzma /home/hamorrar/Desktop/mydocs-ubu/code/my-website/_vendor/bundle/ruby/3.2.0/gems/nokogiri-1.14.1/ext/nokogiri/ports/x86_64-linux-gnu/libgumbo/1.0.0-nokogiri/lib/libgumbo.a -lm -lpthread  -lc"
checked program was:
/* begin */
 1: #include "ruby.h"
 2: 
 3: /*top*/
 4: extern int t(void);
 5: int main(int argc, char **argv)
 6: {
 7:   if (argc > 1000000) {
 8:     int (* volatile tp)(void)=(int (*)(void))&t;
 9:     printf("%d", (*tp)());
10:   }
11: 
12:   return !!argv[argc];
13: }
14: extern void xmlRelaxNGSetValidStructuredErrors();
15: int t(void) { xmlRelaxNGSetValidStructuredErrors(); return 0; }
/* end */

--------------------

have_func: checking for xmlSchemaSetValidStructuredErrors()... -------------------- yes

LD_LIBRARY_PATH=.:/usr/lib/x86_64-linux-gnu "x86_64-linux-gnu-gcc -o conftest -I/usr/include/x86_64-linux-gnu/ruby-3.2.0 -I/usr/include/ruby-3.2.0/ruby/backward -I/usr/include/ruby-3.2.0 -I. -I/home/hamorrar/Desktop/mydocs-ubu/code/my-website/_vendor/bundle/ruby/3.2.0/gems/nokogiri-1.14.1/ports/x86_64-linux-gnu/libxml2/2.10.3/include/libxml2 -I/home/hamorrar/Desktop/mydocs-ubu/code/my-website/_vendor/bundle/ruby/3.2.0/gems/nokogiri-1.14.1/ports/x86_64-linux-gnu/libxslt/1.1.37/include -I/home/hamorrar/Desktop/mydocs-ubu/code/my-website/_vendor/bundle/ruby/3.2.0/gems/nokogiri-1.14.1/ports/x86_64-linux-gnu/libxml2/2.10.3/include/libxml2 -Wdate-time -D_FORTIFY_SOURCE=3   -DNOKOGIRI_PACKAGED_LIBRARIES -DNOKOGIRI_LIBXML2_PATCHES="\"0001-Remove-script-macro-support.patch 0002-Update-entities-to-remove-handling-of-ssi.patch 0003-libxml2.la-is-in-top_builddir.patch 0009-allow-wildcard-namespaces.patch\"" -DNOKOGIRI_LIBXSLT_PATCHES="\"0001-update-automake-files-for-arm64.patch\"" -I/home/hamorrar/Desktop/mydocs-ubu/code/my-website/_vendor/bundle/ruby/3.2.0/gems/nokogiri-1.14.1/ext/nokogiri/ports/x86_64-linux-gnu/libgumbo/1.0.0-nokogiri/include -g -O2 -fno-omit-frame-pointer -mno-omit-leaf-frame-pointer -ffile-prefix-map=BUILDDIR=. -fstack-protector-strong -fstack-clash-protection -Wformat -Werror=format-security -fcf-protection -fdebug-prefix-map=BUILDDIR=/usr/src/ruby3.2-3.2.3-1ubuntu0.24.04.1 -fPIC -std=c99 -Wno-declaration-after-statement -O2 -g -Winline -Wmissing-noreturn -Wconversion -Wno-sign-conversion conftest.c  -L. -L/usr/lib/x86_64-linux-gnu -L/home/hamorrar/Desktop/mydocs-ubu/code/my-website/_vendor/bundle/ruby/3.2.0/gems/nokogiri-1.14.1/ports/x86_64-linux-gnu/libxml2/2.10.3/lib -L/home/hamorrar/Desktop/mydocs-ubu/code/my-website/_vendor/bundle/ruby/3.2.0/gems/nokogiri-1.14.1/ports/x86_64-linux-gnu/libxslt/1.1.37/lib -L/home/hamorrar/Desktop/mydocs-ubu/code/my-website/_vendor/bundle/ruby/3.2.0/gems/nokogiri-1.14.1/ext/nokogiri/ports/x86_64-linux-gnu/libgumbo/1.0.0-nokogiri/lib -L. -Wl,-Bsymbolic-functions -Wl,-z,relro -Wl,-z,now -fstack-protector-strong -rdynamic -Wl,-export-dynamic -Wl,--no-as-needed    /home/hamorrar/Desktop/mydocs-ubu/code/my-website/_vendor/bundle/ruby/3.2.0/gems/nokogiri-1.14.1/ports/x86_64-linux-gnu/libxslt/1.1.37/lib/libexslt.a -lm -llzma -lz /home/hamorrar/Desktop/mydocs-ubu/code/my-website/_vendor/bundle/ruby/3.2.0/gems/nokogiri-1.14.1/ports/x86_64-linux-gnu/libxml2/2.10.3/lib/libxml2.a /home/hamorrar/Desktop/mydocs-ubu/code/my-website/_vendor/bundle/ruby/3.2.0/gems/nokogiri-1.14.1/ports/x86_64-linux-gnu/libxslt/1.1.37/lib/libxslt.a -lm -llzma -lz /home/hamorrar/Desktop/mydocs-ubu/code/my-website/_vendor/bundle/ruby/3.2.0/gems/nokogiri-1.14.1/ports/x86_64-linux-gnu/libxml2/2.10.3/lib/libxml2.a -llzma /home/hamorrar/Desktop/mydocs-ubu/code/my-website/_vendor/bundle/ruby/3.2.0/gems/nokogiri-1.14.1/ext/nokogiri/ports/x86_64-linux-gnu/libgumbo/1.0.0-nokogiri/lib/libgumbo.a -lruby-3.2 /home/hamorrar/Desktop/mydocs-ubu/code/my-website/_vendor/bundle/ruby/3.2.0/gems/nokogiri-1.14.1/ports/x86_64-linux-gnu/libxslt/1.1.37/lib/libexslt.a -lm -llzma -lz /home/hamorrar/Desktop/mydocs-ubu/code/my-website/_vendor/bundle/ruby/3.2.0/gems/nokogiri-1.14.1/ports/x86_64-linux-gnu/libxml2/2.10.3/lib/libxml2.a /home/hamorrar/Desktop/mydocs-ubu/code/my-website/_vendor/bundle/ruby/3.2.0/gems/nokogiri-1.14.1/ports/x86_64-linux-gnu/libxslt/1.1.37/lib/libxslt.a -lm -llzma -lz /home/hamorrar/Desktop/mydocs-ubu/code/my-website/_vendor/bundle/ruby/3.2.0/gems/nokogiri-1.14.1/ports/x86_64-linux-gnu/libxml2/2.10.3/lib/libxml2.a -llzma /home/hamorrar/Desktop/mydocs-ubu/code/my-website/_vendor/bundle/ruby/3.2.0/gems/nokogiri-1.14.1/ext/nokogiri/ports/x86_64-linux-gnu/libgumbo/1.0.0-nokogiri/lib/libgumbo.a -lm -lpthread  -lc"
conftest.c: In function ‘t’:
conftest.c:14:57: error: ‘xmlSchemaSetValidStructuredErrors’ undeclared (first use in this function)
   14 | int t(void) { void ((*volatile p)()); p = (void ((*)()))xmlSchemaSetValidStructuredErrors; return !p; }
      |                                                         ^~~~~~~~~~~~~~~~~~~~~~~~~~~~~~~~~
conftest.c:14:57: note: each undeclared identifier is reported only once for each function it appears in
checked program was:
/* begin */
 1: #include "ruby.h"
 2: 
 3: /*top*/
 4: extern int t(void);
 5: int main(int argc, char **argv)
 6: {
 7:   if (argc > 1000000) {
 8:     int (* volatile tp)(void)=(int (*)(void))&t;
 9:     printf("%d", (*tp)());
10:   }
11: 
12:   return !!argv[argc];
13: }
14: int t(void) { void ((*volatile p)()); p = (void ((*)()))xmlSchemaSetValidStructuredErrors; return !p; }
/* end */

LD_LIBRARY_PATH=.:/usr/lib/x86_64-linux-gnu "x86_64-linux-gnu-gcc -o conftest -I/usr/include/x86_64-linux-gnu/ruby-3.2.0 -I/usr/include/ruby-3.2.0/ruby/backward -I/usr/include/ruby-3.2.0 -I. -I/home/hamorrar/Desktop/mydocs-ubu/code/my-website/_vendor/bundle/ruby/3.2.0/gems/nokogiri-1.14.1/ports/x86_64-linux-gnu/libxml2/2.10.3/include/libxml2 -I/home/hamorrar/Desktop/mydocs-ubu/code/my-website/_vendor/bundle/ruby/3.2.0/gems/nokogiri-1.14.1/ports/x86_64-linux-gnu/libxslt/1.1.37/include -I/home/hamorrar/Desktop/mydocs-ubu/code/my-website/_vendor/bundle/ruby/3.2.0/gems/nokogiri-1.14.1/ports/x86_64-linux-gnu/libxml2/2.10.3/include/libxml2 -Wdate-time -D_FORTIFY_SOURCE=3   -DNOKOGIRI_PACKAGED_LIBRARIES -DNOKOGIRI_LIBXML2_PATCHES="\"0001-Remove-script-macro-support.patch 0002-Update-entities-to-remove-handling-of-ssi.patch 0003-libxml2.la-is-in-top_builddir.patch 0009-allow-wildcard-namespaces.patch\"" -DNOKOGIRI_LIBXSLT_PATCHES="\"0001-update-automake-files-for-arm64.patch\"" -I/home/hamorrar/Desktop/mydocs-ubu/code/my-website/_vendor/bundle/ruby/3.2.0/gems/nokogiri-1.14.1/ext/nokogiri/ports/x86_64-linux-gnu/libgumbo/1.0.0-nokogiri/include -g -O2 -fno-omit-frame-pointer -mno-omit-leaf-frame-pointer -ffile-prefix-map=BUILDDIR=. -fstack-protector-strong -fstack-clash-protection -Wformat -Werror=format-security -fcf-protection -fdebug-prefix-map=BUILDDIR=/usr/src/ruby3.2-3.2.3-1ubuntu0.24.04.1 -fPIC -std=c99 -Wno-declaration-after-statement -O2 -g -Winline -Wmissing-noreturn -Wconversion -Wno-sign-conversion conftest.c  -L. -L/usr/lib/x86_64-linux-gnu -L/home/hamorrar/Desktop/mydocs-ubu/code/my-website/_vendor/bundle/ruby/3.2.0/gems/nokogiri-1.14.1/ports/x86_64-linux-gnu/libxml2/2.10.3/lib -L/home/hamorrar/Desktop/mydocs-ubu/code/my-website/_vendor/bundle/ruby/3.2.0/gems/nokogiri-1.14.1/ports/x86_64-linux-gnu/libxslt/1.1.37/lib -L/home/hamorrar/Desktop/mydocs-ubu/code/my-website/_vendor/bundle/ruby/3.2.0/gems/nokogiri-1.14.1/ext/nokogiri/ports/x86_64-linux-gnu/libgumbo/1.0.0-nokogiri/lib -L. -Wl,-Bsymbolic-functions -Wl,-z,relro -Wl,-z,now -fstack-protector-strong -rdynamic -Wl,-export-dynamic -Wl,--no-as-needed    /home/hamorrar/Desktop/mydocs-ubu/code/my-website/_vendor/bundle/ruby/3.2.0/gems/nokogiri-1.14.1/ports/x86_64-linux-gnu/libxslt/1.1.37/lib/libexslt.a -lm -llzma -lz /home/hamorrar/Desktop/mydocs-ubu/code/my-website/_vendor/bundle/ruby/3.2.0/gems/nokogiri-1.14.1/ports/x86_64-linux-gnu/libxml2/2.10.3/lib/libxml2.a /home/hamorrar/Desktop/mydocs-ubu/code/my-website/_vendor/bundle/ruby/3.2.0/gems/nokogiri-1.14.1/ports/x86_64-linux-gnu/libxslt/1.1.37/lib/libxslt.a -lm -llzma -lz /home/hamorrar/Desktop/mydocs-ubu/code/my-website/_vendor/bundle/ruby/3.2.0/gems/nokogiri-1.14.1/ports/x86_64-linux-gnu/libxml2/2.10.3/lib/libxml2.a -llzma /home/hamorrar/Desktop/mydocs-ubu/code/my-website/_vendor/bundle/ruby/3.2.0/gems/nokogiri-1.14.1/ext/nokogiri/ports/x86_64-linux-gnu/libgumbo/1.0.0-nokogiri/lib/libgumbo.a -lruby-3.2 /home/hamorrar/Desktop/mydocs-ubu/code/my-website/_vendor/bundle/ruby/3.2.0/gems/nokogiri-1.14.1/ports/x86_64-linux-gnu/libxslt/1.1.37/lib/libexslt.a -lm -llzma -lz /home/hamorrar/Desktop/mydocs-ubu/code/my-website/_vendor/bundle/ruby/3.2.0/gems/nokogiri-1.14.1/ports/x86_64-linux-gnu/libxml2/2.10.3/lib/libxml2.a /home/hamorrar/Desktop/mydocs-ubu/code/my-website/_vendor/bundle/ruby/3.2.0/gems/nokogiri-1.14.1/ports/x86_64-linux-gnu/libxslt/1.1.37/lib/libxslt.a -lm -llzma -lz /home/hamorrar/Desktop/mydocs-ubu/code/my-website/_vendor/bundle/ruby/3.2.0/gems/nokogiri-1.14.1/ports/x86_64-linux-gnu/libxml2/2.10.3/lib/libxml2.a -llzma /home/hamorrar/Desktop/mydocs-ubu/code/my-website/_vendor/bundle/ruby/3.2.0/gems/nokogiri-1.14.1/ext/nokogiri/ports/x86_64-linux-gnu/libgumbo/1.0.0-nokogiri/lib/libgumbo.a -lm -lpthread  -lc"
checked program was:
/* begin */
 1: #include "ruby.h"
 2: 
 3: /*top*/
 4: extern int t(void);
 5: int main(int argc, char **argv)
 6: {
 7:   if (argc > 1000000) {
 8:     int (* volatile tp)(void)=(int (*)(void))&t;
 9:     printf("%d", (*tp)());
10:   }
11: 
12:   return !!argv[argc];
13: }
14: extern void xmlSchemaSetValidStructuredErrors();
15: int t(void) { xmlSchemaSetValidStructuredErrors(); return 0; }
/* end */

--------------------

have_func: checking for xmlSchemaSetParserStructuredErrors()... -------------------- yes

LD_LIBRARY_PATH=.:/usr/lib/x86_64-linux-gnu "x86_64-linux-gnu-gcc -o conftest -I/usr/include/x86_64-linux-gnu/ruby-3.2.0 -I/usr/include/ruby-3.2.0/ruby/backward -I/usr/include/ruby-3.2.0 -I. -I/home/hamorrar/Desktop/mydocs-ubu/code/my-website/_vendor/bundle/ruby/3.2.0/gems/nokogiri-1.14.1/ports/x86_64-linux-gnu/libxml2/2.10.3/include/libxml2 -I/home/hamorrar/Desktop/mydocs-ubu/code/my-website/_vendor/bundle/ruby/3.2.0/gems/nokogiri-1.14.1/ports/x86_64-linux-gnu/libxslt/1.1.37/include -I/home/hamorrar/Desktop/mydocs-ubu/code/my-website/_vendor/bundle/ruby/3.2.0/gems/nokogiri-1.14.1/ports/x86_64-linux-gnu/libxml2/2.10.3/include/libxml2 -Wdate-time -D_FORTIFY_SOURCE=3   -DNOKOGIRI_PACKAGED_LIBRARIES -DNOKOGIRI_LIBXML2_PATCHES="\"0001-Remove-script-macro-support.patch 0002-Update-entities-to-remove-handling-of-ssi.patch 0003-libxml2.la-is-in-top_builddir.patch 0009-allow-wildcard-namespaces.patch\"" -DNOKOGIRI_LIBXSLT_PATCHES="\"0001-update-automake-files-for-arm64.patch\"" -I/home/hamorrar/Desktop/mydocs-ubu/code/my-website/_vendor/bundle/ruby/3.2.0/gems/nokogiri-1.14.1/ext/nokogiri/ports/x86_64-linux-gnu/libgumbo/1.0.0-nokogiri/include -g -O2 -fno-omit-frame-pointer -mno-omit-leaf-frame-pointer -ffile-prefix-map=BUILDDIR=. -fstack-protector-strong -fstack-clash-protection -Wformat -Werror=format-security -fcf-protection -fdebug-prefix-map=BUILDDIR=/usr/src/ruby3.2-3.2.3-1ubuntu0.24.04.1 -fPIC -std=c99 -Wno-declaration-after-statement -O2 -g -Winline -Wmissing-noreturn -Wconversion -Wno-sign-conversion conftest.c  -L. -L/usr/lib/x86_64-linux-gnu -L/home/hamorrar/Desktop/mydocs-ubu/code/my-website/_vendor/bundle/ruby/3.2.0/gems/nokogiri-1.14.1/ports/x86_64-linux-gnu/libxml2/2.10.3/lib -L/home/hamorrar/Desktop/mydocs-ubu/code/my-website/_vendor/bundle/ruby/3.2.0/gems/nokogiri-1.14.1/ports/x86_64-linux-gnu/libxslt/1.1.37/lib -L/home/hamorrar/Desktop/mydocs-ubu/code/my-website/_vendor/bundle/ruby/3.2.0/gems/nokogiri-1.14.1/ext/nokogiri/ports/x86_64-linux-gnu/libgumbo/1.0.0-nokogiri/lib -L. -Wl,-Bsymbolic-functions -Wl,-z,relro -Wl,-z,now -fstack-protector-strong -rdynamic -Wl,-export-dynamic -Wl,--no-as-needed    /home/hamorrar/Desktop/mydocs-ubu/code/my-website/_vendor/bundle/ruby/3.2.0/gems/nokogiri-1.14.1/ports/x86_64-linux-gnu/libxslt/1.1.37/lib/libexslt.a -lm -llzma -lz /home/hamorrar/Desktop/mydocs-ubu/code/my-website/_vendor/bundle/ruby/3.2.0/gems/nokogiri-1.14.1/ports/x86_64-linux-gnu/libxml2/2.10.3/lib/libxml2.a /home/hamorrar/Desktop/mydocs-ubu/code/my-website/_vendor/bundle/ruby/3.2.0/gems/nokogiri-1.14.1/ports/x86_64-linux-gnu/libxslt/1.1.37/lib/libxslt.a -lm -llzma -lz /home/hamorrar/Desktop/mydocs-ubu/code/my-website/_vendor/bundle/ruby/3.2.0/gems/nokogiri-1.14.1/ports/x86_64-linux-gnu/libxml2/2.10.3/lib/libxml2.a -llzma /home/hamorrar/Desktop/mydocs-ubu/code/my-website/_vendor/bundle/ruby/3.2.0/gems/nokogiri-1.14.1/ext/nokogiri/ports/x86_64-linux-gnu/libgumbo/1.0.0-nokogiri/lib/libgumbo.a -lruby-3.2 /home/hamorrar/Desktop/mydocs-ubu/code/my-website/_vendor/bundle/ruby/3.2.0/gems/nokogiri-1.14.1/ports/x86_64-linux-gnu/libxslt/1.1.37/lib/libexslt.a -lm -llzma -lz /home/hamorrar/Desktop/mydocs-ubu/code/my-website/_vendor/bundle/ruby/3.2.0/gems/nokogiri-1.14.1/ports/x86_64-linux-gnu/libxml2/2.10.3/lib/libxml2.a /home/hamorrar/Desktop/mydocs-ubu/code/my-website/_vendor/bundle/ruby/3.2.0/gems/nokogiri-1.14.1/ports/x86_64-linux-gnu/libxslt/1.1.37/lib/libxslt.a -lm -llzma -lz /home/hamorrar/Desktop/mydocs-ubu/code/my-website/_vendor/bundle/ruby/3.2.0/gems/nokogiri-1.14.1/ports/x86_64-linux-gnu/libxml2/2.10.3/lib/libxml2.a -llzma /home/hamorrar/Desktop/mydocs-ubu/code/my-website/_vendor/bundle/ruby/3.2.0/gems/nokogiri-1.14.1/ext/nokogiri/ports/x86_64-linux-gnu/libgumbo/1.0.0-nokogiri/lib/libgumbo.a -lm -lpthread  -lc"
conftest.c: In function ‘t’:
conftest.c:14:57: error: ‘xmlSchemaSetParserStructuredErrors’ undeclared (first use in this function)
   14 | int t(void) { void ((*volatile p)()); p = (void ((*)()))xmlSchemaSetParserStructuredErrors; return !p; }
      |                                                         ^~~~~~~~~~~~~~~~~~~~~~~~~~~~~~~~~~
conftest.c:14:57: note: each undeclared identifier is reported only once for each function it appears in
checked program was:
/* begin */
 1: #include "ruby.h"
 2: 
 3: /*top*/
 4: extern int t(void);
 5: int main(int argc, char **argv)
 6: {
 7:   if (argc > 1000000) {
 8:     int (* volatile tp)(void)=(int (*)(void))&t;
 9:     printf("%d", (*tp)());
10:   }
11: 
12:   return !!argv[argc];
13: }
14: int t(void) { void ((*volatile p)()); p = (void ((*)()))xmlSchemaSetParserStructuredErrors; return !p; }
/* end */

LD_LIBRARY_PATH=.:/usr/lib/x86_64-linux-gnu "x86_64-linux-gnu-gcc -o conftest -I/usr/include/x86_64-linux-gnu/ruby-3.2.0 -I/usr/include/ruby-3.2.0/ruby/backward -I/usr/include/ruby-3.2.0 -I. -I/home/hamorrar/Desktop/mydocs-ubu/code/my-website/_vendor/bundle/ruby/3.2.0/gems/nokogiri-1.14.1/ports/x86_64-linux-gnu/libxml2/2.10.3/include/libxml2 -I/home/hamorrar/Desktop/mydocs-ubu/code/my-website/_vendor/bundle/ruby/3.2.0/gems/nokogiri-1.14.1/ports/x86_64-linux-gnu/libxslt/1.1.37/include -I/home/hamorrar/Desktop/mydocs-ubu/code/my-website/_vendor/bundle/ruby/3.2.0/gems/nokogiri-1.14.1/ports/x86_64-linux-gnu/libxml2/2.10.3/include/libxml2 -Wdate-time -D_FORTIFY_SOURCE=3   -DNOKOGIRI_PACKAGED_LIBRARIES -DNOKOGIRI_LIBXML2_PATCHES="\"0001-Remove-script-macro-support.patch 0002-Update-entities-to-remove-handling-of-ssi.patch 0003-libxml2.la-is-in-top_builddir.patch 0009-allow-wildcard-namespaces.patch\"" -DNOKOGIRI_LIBXSLT_PATCHES="\"0001-update-automake-files-for-arm64.patch\"" -I/home/hamorrar/Desktop/mydocs-ubu/code/my-website/_vendor/bundle/ruby/3.2.0/gems/nokogiri-1.14.1/ext/nokogiri/ports/x86_64-linux-gnu/libgumbo/1.0.0-nokogiri/include -g -O2 -fno-omit-frame-pointer -mno-omit-leaf-frame-pointer -ffile-prefix-map=BUILDDIR=. -fstack-protector-strong -fstack-clash-protection -Wformat -Werror=format-security -fcf-protection -fdebug-prefix-map=BUILDDIR=/usr/src/ruby3.2-3.2.3-1ubuntu0.24.04.1 -fPIC -std=c99 -Wno-declaration-after-statement -O2 -g -Winline -Wmissing-noreturn -Wconversion -Wno-sign-conversion conftest.c  -L. -L/usr/lib/x86_64-linux-gnu -L/home/hamorrar/Desktop/mydocs-ubu/code/my-website/_vendor/bundle/ruby/3.2.0/gems/nokogiri-1.14.1/ports/x86_64-linux-gnu/libxml2/2.10.3/lib -L/home/hamorrar/Desktop/mydocs-ubu/code/my-website/_vendor/bundle/ruby/3.2.0/gems/nokogiri-1.14.1/ports/x86_64-linux-gnu/libxslt/1.1.37/lib -L/home/hamorrar/Desktop/mydocs-ubu/code/my-website/_vendor/bundle/ruby/3.2.0/gems/nokogiri-1.14.1/ext/nokogiri/ports/x86_64-linux-gnu/libgumbo/1.0.0-nokogiri/lib -L. -Wl,-Bsymbolic-functions -Wl,-z,relro -Wl,-z,now -fstack-protector-strong -rdynamic -Wl,-export-dynamic -Wl,--no-as-needed    /home/hamorrar/Desktop/mydocs-ubu/code/my-website/_vendor/bundle/ruby/3.2.0/gems/nokogiri-1.14.1/ports/x86_64-linux-gnu/libxslt/1.1.37/lib/libexslt.a -lm -llzma -lz /home/hamorrar/Desktop/mydocs-ubu/code/my-website/_vendor/bundle/ruby/3.2.0/gems/nokogiri-1.14.1/ports/x86_64-linux-gnu/libxml2/2.10.3/lib/libxml2.a /home/hamorrar/Desktop/mydocs-ubu/code/my-website/_vendor/bundle/ruby/3.2.0/gems/nokogiri-1.14.1/ports/x86_64-linux-gnu/libxslt/1.1.37/lib/libxslt.a -lm -llzma -lz /home/hamorrar/Desktop/mydocs-ubu/code/my-website/_vendor/bundle/ruby/3.2.0/gems/nokogiri-1.14.1/ports/x86_64-linux-gnu/libxml2/2.10.3/lib/libxml2.a -llzma /home/hamorrar/Desktop/mydocs-ubu/code/my-website/_vendor/bundle/ruby/3.2.0/gems/nokogiri-1.14.1/ext/nokogiri/ports/x86_64-linux-gnu/libgumbo/1.0.0-nokogiri/lib/libgumbo.a -lruby-3.2 /home/hamorrar/Desktop/mydocs-ubu/code/my-website/_vendor/bundle/ruby/3.2.0/gems/nokogiri-1.14.1/ports/x86_64-linux-gnu/libxslt/1.1.37/lib/libexslt.a -lm -llzma -lz /home/hamorrar/Desktop/mydocs-ubu/code/my-website/_vendor/bundle/ruby/3.2.0/gems/nokogiri-1.14.1/ports/x86_64-linux-gnu/libxml2/2.10.3/lib/libxml2.a /home/hamorrar/Desktop/mydocs-ubu/code/my-website/_vendor/bundle/ruby/3.2.0/gems/nokogiri-1.14.1/ports/x86_64-linux-gnu/libxslt/1.1.37/lib/libxslt.a -lm -llzma -lz /home/hamorrar/Desktop/mydocs-ubu/code/my-website/_vendor/bundle/ruby/3.2.0/gems/nokogiri-1.14.1/ports/x86_64-linux-gnu/libxml2/2.10.3/lib/libxml2.a -llzma /home/hamorrar/Desktop/mydocs-ubu/code/my-website/_vendor/bundle/ruby/3.2.0/gems/nokogiri-1.14.1/ext/nokogiri/ports/x86_64-linux-gnu/libgumbo/1.0.0-nokogiri/lib/libgumbo.a -lm -lpthread  -lc"
checked program was:
/* begin */
 1: #include "ruby.h"
 2: 
 3: /*top*/
 4: extern int t(void);
 5: int main(int argc, char **argv)
 6: {
 7:   if (argc > 1000000) {
 8:     int (* volatile tp)(void)=(int (*)(void))&t;
 9:     printf("%d", (*tp)());
10:   }
11: 
12:   return !!argv[argc];
13: }
14: extern void xmlSchemaSetParserStructuredErrors();
15: int t(void) { xmlSchemaSetParserStructuredErrors(); return 0; }
/* end */

--------------------

have_func: checking for rb_gc_location()... -------------------- yes

LD_LIBRARY_PATH=.:/usr/lib/x86_64-linux-gnu "x86_64-linux-gnu-gcc -o conftest -I/usr/include/x86_64-linux-gnu/ruby-3.2.0 -I/usr/include/ruby-3.2.0/ruby/backward -I/usr/include/ruby-3.2.0 -I. -I/home/hamorrar/Desktop/mydocs-ubu/code/my-website/_vendor/bundle/ruby/3.2.0/gems/nokogiri-1.14.1/ports/x86_64-linux-gnu/libxml2/2.10.3/include/libxml2 -I/home/hamorrar/Desktop/mydocs-ubu/code/my-website/_vendor/bundle/ruby/3.2.0/gems/nokogiri-1.14.1/ports/x86_64-linux-gnu/libxslt/1.1.37/include -I/home/hamorrar/Desktop/mydocs-ubu/code/my-website/_vendor/bundle/ruby/3.2.0/gems/nokogiri-1.14.1/ports/x86_64-linux-gnu/libxml2/2.10.3/include/libxml2 -Wdate-time -D_FORTIFY_SOURCE=3   -DNOKOGIRI_PACKAGED_LIBRARIES -DNOKOGIRI_LIBXML2_PATCHES="\"0001-Remove-script-macro-support.patch 0002-Update-entities-to-remove-handling-of-ssi.patch 0003-libxml2.la-is-in-top_builddir.patch 0009-allow-wildcard-namespaces.patch\"" -DNOKOGIRI_LIBXSLT_PATCHES="\"0001-update-automake-files-for-arm64.patch\"" -I/home/hamorrar/Desktop/mydocs-ubu/code/my-website/_vendor/bundle/ruby/3.2.0/gems/nokogiri-1.14.1/ext/nokogiri/ports/x86_64-linux-gnu/libgumbo/1.0.0-nokogiri/include -g -O2 -fno-omit-frame-pointer -mno-omit-leaf-frame-pointer -ffile-prefix-map=BUILDDIR=. -fstack-protector-strong -fstack-clash-protection -Wformat -Werror=format-security -fcf-protection -fdebug-prefix-map=BUILDDIR=/usr/src/ruby3.2-3.2.3-1ubuntu0.24.04.1 -fPIC -std=c99 -Wno-declaration-after-statement -O2 -g -Winline -Wmissing-noreturn -Wconversion -Wno-sign-conversion conftest.c  -L. -L/usr/lib/x86_64-linux-gnu -L/home/hamorrar/Desktop/mydocs-ubu/code/my-website/_vendor/bundle/ruby/3.2.0/gems/nokogiri-1.14.1/ports/x86_64-linux-gnu/libxml2/2.10.3/lib -L/home/hamorrar/Desktop/mydocs-ubu/code/my-website/_vendor/bundle/ruby/3.2.0/gems/nokogiri-1.14.1/ports/x86_64-linux-gnu/libxslt/1.1.37/lib -L/home/hamorrar/Desktop/mydocs-ubu/code/my-website/_vendor/bundle/ruby/3.2.0/gems/nokogiri-1.14.1/ext/nokogiri/ports/x86_64-linux-gnu/libgumbo/1.0.0-nokogiri/lib -L. -Wl,-Bsymbolic-functions -Wl,-z,relro -Wl,-z,now -fstack-protector-strong -rdynamic -Wl,-export-dynamic -Wl,--no-as-needed    /home/hamorrar/Desktop/mydocs-ubu/code/my-website/_vendor/bundle/ruby/3.2.0/gems/nokogiri-1.14.1/ports/x86_64-linux-gnu/libxslt/1.1.37/lib/libexslt.a -lm -llzma -lz /home/hamorrar/Desktop/mydocs-ubu/code/my-website/_vendor/bundle/ruby/3.2.0/gems/nokogiri-1.14.1/ports/x86_64-linux-gnu/libxml2/2.10.3/lib/libxml2.a /home/hamorrar/Desktop/mydocs-ubu/code/my-website/_vendor/bundle/ruby/3.2.0/gems/nokogiri-1.14.1/ports/x86_64-linux-gnu/libxslt/1.1.37/lib/libxslt.a -lm -llzma -lz /home/hamorrar/Desktop/mydocs-ubu/code/my-website/_vendor/bundle/ruby/3.2.0/gems/nokogiri-1.14.1/ports/x86_64-linux-gnu/libxml2/2.10.3/lib/libxml2.a -llzma /home/hamorrar/Desktop/mydocs-ubu/code/my-website/_vendor/bundle/ruby/3.2.0/gems/nokogiri-1.14.1/ext/nokogiri/ports/x86_64-linux-gnu/libgumbo/1.0.0-nokogiri/lib/libgumbo.a -lruby-3.2 /home/hamorrar/Desktop/mydocs-ubu/code/my-website/_vendor/bundle/ruby/3.2.0/gems/nokogiri-1.14.1/ports/x86_64-linux-gnu/libxslt/1.1.37/lib/libexslt.a -lm -llzma -lz /home/hamorrar/Desktop/mydocs-ubu/code/my-website/_vendor/bundle/ruby/3.2.0/gems/nokogiri-1.14.1/ports/x86_64-linux-gnu/libxml2/2.10.3/lib/libxml2.a /home/hamorrar/Desktop/mydocs-ubu/code/my-website/_vendor/bundle/ruby/3.2.0/gems/nokogiri-1.14.1/ports/x86_64-linux-gnu/libxslt/1.1.37/lib/libxslt.a -lm -llzma -lz /home/hamorrar/Desktop/mydocs-ubu/code/my-website/_vendor/bundle/ruby/3.2.0/gems/nokogiri-1.14.1/ports/x86_64-linux-gnu/libxml2/2.10.3/lib/libxml2.a -llzma /home/hamorrar/Desktop/mydocs-ubu/code/my-website/_vendor/bundle/ruby/3.2.0/gems/nokogiri-1.14.1/ext/nokogiri/ports/x86_64-linux-gnu/libgumbo/1.0.0-nokogiri/lib/libgumbo.a -lm -lpthread  -lc"
checked program was:
/* begin */
 1: #include "ruby.h"
 2: 
 3: /*top*/
 4: extern int t(void);
 5: int main(int argc, char **argv)
 6: {
 7:   if (argc > 1000000) {
 8:     int (* volatile tp)(void)=(int (*)(void))&t;
 9:     printf("%d", (*tp)());
10:   }
11: 
12:   return !!argv[argc];
13: }
14: int t(void) { void ((*volatile p)()); p = (void ((*)()))rb_gc_location; return !p; }
/* end */

--------------------

have_func: checking for rb_category_warning()... -------------------- yes

LD_LIBRARY_PATH=.:/usr/lib/x86_64-linux-gnu "x86_64-linux-gnu-gcc -o conftest -I/usr/include/x86_64-linux-gnu/ruby-3.2.0 -I/usr/include/ruby-3.2.0/ruby/backward -I/usr/include/ruby-3.2.0 -I. -I/home/hamorrar/Desktop/mydocs-ubu/code/my-website/_vendor/bundle/ruby/3.2.0/gems/nokogiri-1.14.1/ports/x86_64-linux-gnu/libxml2/2.10.3/include/libxml2 -I/home/hamorrar/Desktop/mydocs-ubu/code/my-website/_vendor/bundle/ruby/3.2.0/gems/nokogiri-1.14.1/ports/x86_64-linux-gnu/libxslt/1.1.37/include -I/home/hamorrar/Desktop/mydocs-ubu/code/my-website/_vendor/bundle/ruby/3.2.0/gems/nokogiri-1.14.1/ports/x86_64-linux-gnu/libxml2/2.10.3/include/libxml2 -Wdate-time -D_FORTIFY_SOURCE=3   -DNOKOGIRI_PACKAGED_LIBRARIES -DNOKOGIRI_LIBXML2_PATCHES="\"0001-Remove-script-macro-support.patch 0002-Update-entities-to-remove-handling-of-ssi.patch 0003-libxml2.la-is-in-top_builddir.patch 0009-allow-wildcard-namespaces.patch\"" -DNOKOGIRI_LIBXSLT_PATCHES="\"0001-update-automake-files-for-arm64.patch\"" -I/home/hamorrar/Desktop/mydocs-ubu/code/my-website/_vendor/bundle/ruby/3.2.0/gems/nokogiri-1.14.1/ext/nokogiri/ports/x86_64-linux-gnu/libgumbo/1.0.0-nokogiri/include -g -O2 -fno-omit-frame-pointer -mno-omit-leaf-frame-pointer -ffile-prefix-map=BUILDDIR=. -fstack-protector-strong -fstack-clash-protection -Wformat -Werror=format-security -fcf-protection -fdebug-prefix-map=BUILDDIR=/usr/src/ruby3.2-3.2.3-1ubuntu0.24.04.1 -fPIC -std=c99 -Wno-declaration-after-statement -O2 -g -Winline -Wmissing-noreturn -Wconversion -Wno-sign-conversion conftest.c  -L. -L/usr/lib/x86_64-linux-gnu -L/home/hamorrar/Desktop/mydocs-ubu/code/my-website/_vendor/bundle/ruby/3.2.0/gems/nokogiri-1.14.1/ports/x86_64-linux-gnu/libxml2/2.10.3/lib -L/home/hamorrar/Desktop/mydocs-ubu/code/my-website/_vendor/bundle/ruby/3.2.0/gems/nokogiri-1.14.1/ports/x86_64-linux-gnu/libxslt/1.1.37/lib -L/home/hamorrar/Desktop/mydocs-ubu/code/my-website/_vendor/bundle/ruby/3.2.0/gems/nokogiri-1.14.1/ext/nokogiri/ports/x86_64-linux-gnu/libgumbo/1.0.0-nokogiri/lib -L. -Wl,-Bsymbolic-functions -Wl,-z,relro -Wl,-z,now -fstack-protector-strong -rdynamic -Wl,-export-dynamic -Wl,--no-as-needed    /home/hamorrar/Desktop/mydocs-ubu/code/my-website/_vendor/bundle/ruby/3.2.0/gems/nokogiri-1.14.1/ports/x86_64-linux-gnu/libxslt/1.1.37/lib/libexslt.a -lm -llzma -lz /home/hamorrar/Desktop/mydocs-ubu/code/my-website/_vendor/bundle/ruby/3.2.0/gems/nokogiri-1.14.1/ports/x86_64-linux-gnu/libxml2/2.10.3/lib/libxml2.a /home/hamorrar/Desktop/mydocs-ubu/code/my-website/_vendor/bundle/ruby/3.2.0/gems/nokogiri-1.14.1/ports/x86_64-linux-gnu/libxslt/1.1.37/lib/libxslt.a -lm -llzma -lz /home/hamorrar/Desktop/mydocs-ubu/code/my-website/_vendor/bundle/ruby/3.2.0/gems/nokogiri-1.14.1/ports/x86_64-linux-gnu/libxml2/2.10.3/lib/libxml2.a -llzma /home/hamorrar/Desktop/mydocs-ubu/code/my-website/_vendor/bundle/ruby/3.2.0/gems/nokogiri-1.14.1/ext/nokogiri/ports/x86_64-linux-gnu/libgumbo/1.0.0-nokogiri/lib/libgumbo.a -lruby-3.2 /home/hamorrar/Desktop/mydocs-ubu/code/my-website/_vendor/bundle/ruby/3.2.0/gems/nokogiri-1.14.1/ports/x86_64-linux-gnu/libxslt/1.1.37/lib/libexslt.a -lm -llzma -lz /home/hamorrar/Desktop/mydocs-ubu/code/my-website/_vendor/bundle/ruby/3.2.0/gems/nokogiri-1.14.1/ports/x86_64-linux-gnu/libxml2/2.10.3/lib/libxml2.a /home/hamorrar/Desktop/mydocs-ubu/code/my-website/_vendor/bundle/ruby/3.2.0/gems/nokogiri-1.14.1/ports/x86_64-linux-gnu/libxslt/1.1.37/lib/libxslt.a -lm -llzma -lz /home/hamorrar/Desktop/mydocs-ubu/code/my-website/_vendor/bundle/ruby/3.2.0/gems/nokogiri-1.14.1/ports/x86_64-linux-gnu/libxml2/2.10.3/lib/libxml2.a -llzma /home/hamorrar/Desktop/mydocs-ubu/code/my-website/_vendor/bundle/ruby/3.2.0/gems/nokogiri-1.14.1/ext/nokogiri/ports/x86_64-linux-gnu/libgumbo/1.0.0-nokogiri/lib/libgumbo.a -lm -lpthread  -lc"
checked program was:
/* begin */
 1: #include "ruby.h"
 2: 
 3: /*top*/
 4: extern int t(void);
 5: int main(int argc, char **argv)
 6: {
 7:   if (argc > 1000000) {
 8:     int (* volatile tp)(void)=(int (*)(void))&t;
 9:     printf("%d", (*tp)());
10:   }
11: 
12:   return !!argv[argc];
13: }
14: int t(void) { void ((*volatile p)()); p = (void ((*)()))rb_category_warning; return !p; }
/* end */

--------------------

block in append_cppflags: checking for whether -DNOKOGIRI_OTHER_LIBRARY_VERSIONS="\"libgumbo:1.0.0-nokogiri\"" is accepted as CPPFLAGS... -------------------- yes

LD_LIBRARY_PATH=.:/usr/lib/x86_64-linux-gnu "x86_64-linux-gnu-gcc -I/usr/include/x86_64-linux-gnu/ruby-3.2.0 -I/usr/include/ruby-3.2.0/ruby/backward -I/usr/include/ruby-3.2.0 -I. -I/home/hamorrar/Desktop/mydocs-ubu/code/my-website/_vendor/bundle/ruby/3.2.0/gems/nokogiri-1.14.1/ports/x86_64-linux-gnu/libxml2/2.10.3/include/libxml2 -I/home/hamorrar/Desktop/mydocs-ubu/code/my-website/_vendor/bundle/ruby/3.2.0/gems/nokogiri-1.14.1/ports/x86_64-linux-gnu/libxslt/1.1.37/include -I/home/hamorrar/Desktop/mydocs-ubu/code/my-website/_vendor/bundle/ruby/3.2.0/gems/nokogiri-1.14.1/ports/x86_64-linux-gnu/libxml2/2.10.3/include/libxml2 -Wdate-time -D_FORTIFY_SOURCE=3   -DNOKOGIRI_PACKAGED_LIBRARIES -DNOKOGIRI_LIBXML2_PATCHES="\"0001-Remove-script-macro-support.patch 0002-Update-entities-to-remove-handling-of-ssi.patch 0003-libxml2.la-is-in-top_builddir.patch 0009-allow-wildcard-namespaces.patch\"" -DNOKOGIRI_LIBXSLT_PATCHES="\"0001-update-automake-files-for-arm64.patch\"" -I/home/hamorrar/Desktop/mydocs-ubu/code/my-website/_vendor/bundle/ruby/3.2.0/gems/nokogiri-1.14.1/ext/nokogiri/ports/x86_64-linux-gnu/libgumbo/1.0.0-nokogiri/include -g -O2 -fno-omit-frame-pointer -mno-omit-leaf-frame-pointer -ffile-prefix-map=BUILDDIR=. -fstack-protector-strong -fstack-clash-protection -Wformat -Werror=format-security -fcf-protection -fdebug-prefix-map=BUILDDIR=/usr/src/ruby3.2-3.2.3-1ubuntu0.24.04.1 -fPIC -std=c99 -Wno-declaration-after-statement -O2 -g -Winline -Wmissing-noreturn -Wconversion -Wno-sign-conversion  -DNOKOGIRI_OTHER_LIBRARY_VERSIONS="\"libgumbo:1.0.0-nokogiri\"" -Werror -c conftest.c"
checked program was:
/* begin */
1: #include "ruby.h"
2: 
3: int main(int argc, char **argv)
4: {
5:   return !!argv[argc];
6: }
/* end */

--------------------

